******************** Stress Settings ********************
Command:
  Type: mixed
  Count: -1
  Duration: 5 MINUTES
  No Warmup: false
  Consistency Level: LOCAL_ONE
  Target Uncertainty: not applicable
  Key Size (bytes): 10
  Counter Increment Distibution: add=fixed(1)
  Command Ratios: {WRITE=1.0, READ=1.0}
  Command Clustering Distribution: clustering=GAUSSIAN(1..10)
Rate:
  Auto: false
  Thread Count: 10
  OpsPer Sec: 500
Population:
  Distribution: Gaussian:  min=1,max=1000000,mean=500000.500000,stdev=166666.500000
  Order: ARBITRARY
  Wrap: false
Insert:
  Revisits: Uniform:  min=1,max=1000000
  Visits: Fixed:  key=1
  Row Population Ratio: Ratio: divisor=1.000000;delegate=Fixed:  key=1
  Batch Type: not batching
Columns:
  Max Columns Per Key: 5
  Column Names: [C0, C1, C2, C3, C4]
  Comparator: AsciiType
  Timestamp: null
  Variable Column Count: false
  Slice: false
  Size Distribution: Fixed:  key=34
  Count Distribution: Fixed:  key=5
Errors:
  Ignore: false
  Tries: 10
Log:
  No Summary: false
  No Settings: false
  File: thread10fixed500.log
  Interval Millis: 1000
  Level: NORMAL
Mode:
  API: JAVA_DRIVER_NATIVE
  Connection Style: CQL_PREPARED
  CQL Version: CQL3
  Protocol Version: V4
  Username: null
  Password: null
  Auth Provide Class: null
  Max Pending Per Connection: 128
  Connections Per Host: 8
  Compression: NONE
Node:
  Nodes: [192.168.0.109]
  Is White List: false
  Datacenter: null
  Allow server port discovery: false
Schema:
  Keyspace: keyspace1
  Replication Strategy: org.apache.cassandra.locator.SimpleStrategy
  Replication Strategy Options: {replication_factor=1}
  Table Compression: null
  Table Compaction Strategy: null
  Table Compaction Strategy Options: {}
Transport:
  truststore=null; truststore-password=null; keystore=null; keystore-password=null; ssl-protocol=TLS; ssl-alg=null; ssl-ciphers=TLS_RSA_WITH_AES_128_CBC_SHA,TLS_RSA_WITH_AES_256_CBC_SHA; 
Port:
  Native Port: 9042
  JMX Port: 7199
Send To Daemon:
  *not set*
Graph:
  File: null
  Revision: unknown
  Title: null
  Operation: MIXED
TokenRange:
  Wrap: false
  Split Factor: 1

Sleeping 2s...
Warming up WRITE with 0 iterations...
Warming up READ with 0 iterations...
Running [WRITE, READ] with 10 threads 5 minutes
      time,    R type,R totalops,  R op/s,  R pk/s, R row/s,  R mean,   R med,   R .95,   R .99,  R .999,   R max, R stderr,    W type,W totalops,  W op/s,  W pk/s, W row/s,  W mean,   W med,   W .95,   W .99,  W .999,   W max, W stderr
1549566512,     WRITE,       232,     232,     232,     232,     4.1,     0.9,    31.6,    49.2,    68.4,    68.4,  0.00000,      READ,       245,     245,     245,     245,     6.7,     1.1,    43.9,    57.1,    63.2,    63.2,  0.00000
1549566513,     WRITE,       485,     253,     253,     253,     1.5,     0.7,     4.8,    17.7,    32.2,    32.2,  0.00375,      READ,       492,     247,     247,     247,     1.7,     0.8,     4.5,    26.9,    33.8,    33.8,  0.00375
1549566514,     WRITE,       758,     273,     273,     273,     0.8,     0.6,     1.4,     5.3,     6.9,     6.9,  0.00637,      READ,       719,     227,     227,     227,     1.0,     0.8,     2.8,     7.0,     7.5,     7.5,  0.00637
1549566515,     WRITE,       977,     219,     219,     219,     1.6,     0.6,     2.3,    36.7,    82.0,    82.0,  0.01475,      READ,      1000,     281,     281,     281,     2.1,     0.7,     3.5,    58.7,    79.3,    79.3,  0.01475
1549566516,     WRITE,      1214,     237,     237,     237,     0.7,     0.6,     1.0,     5.3,     8.2,     8.2,  0.01301,      READ,      1263,     263,     263,     263,     0.9,     0.7,     1.3,     4.3,     6.5,     6.5,  0.01301
1549566517,     WRITE,      1500,     286,     286,     286,     9.7,     0.6,    80.4,   126.2,   161.7,   161.7,  0.02638,      READ,      1477,     214,     214,     214,     9.8,     0.7,    75.2,   123.6,   167.6,   167.6,  0.02638
1549566518,     WRITE,      1768,     268,     268,     268,     0.8,     0.6,     2.4,     6.7,    12.3,    12.3,  0.02355,      READ,      1709,     232,     232,     232,     0.9,     0.7,     1.7,     5.7,     8.7,     8.7,  0.02355
1549566519,     WRITE,      2026,     258,     258,     258,     0.6,     0.5,     0.7,     2.6,     4.4,     4.4,  0.02146,      READ,      1951,     242,     242,     242,     0.7,     0.6,     0.9,     2.3,     2.7,     2.7,  0.02146
1549566520,     WRITE,      2255,     229,     229,     229,     0.6,     0.5,     0.8,     1.7,     2.6,     2.6,  0.01958,      READ,      2222,     271,     271,     271,     0.9,     0.7,     1.6,     5.8,     7.5,     7.5,  0.01958
1549566521,     WRITE,      2501,     246,     246,     246,     1.0,     0.5,     1.3,     6.7,    54.0,    54.0,  0.01764,      READ,      2476,     254,     254,     254,     0.9,     0.7,     1.2,     8.9,    17.7,    17.7,  0.01764
1549566522,     WRITE,      2738,     237,     237,     237,     0.7,     0.5,     1.0,     4.7,     6.5,     6.5,  0.01640,      READ,      2739,     263,     263,     263,     0.8,     0.7,     1.0,     3.0,     6.3,     6.3,  0.01640
1549566523,     WRITE,      2939,     201,     201,     201,     0.6,     0.5,     1.1,     3.3,     5.9,     5.9,  0.01530,      READ,      3038,     299,     299,     299,     0.8,     0.6,     1.7,     5.6,     6.9,     6.9,  0.01530
1549566524,     WRITE,      3188,     249,     249,     249,     0.6,     0.5,     0.9,     2.9,     3.6,     3.6,  0.01434,      READ,      3289,     251,     251,     251,     0.8,     0.6,     1.0,     5.0,     6.7,     6.7,  0.01434
1549566525,     WRITE,      3422,     234,     234,     234,     0.7,     0.5,     0.8,     4.0,    18.9,    18.9,  0.01332,      READ,      3555,     266,     266,     266,     0.8,     0.6,     0.9,     2.2,    44.7,    44.7,  0.01332
1549566526,     WRITE,      3657,     235,     235,     235,     0.6,     0.5,     0.8,     3.9,     4.5,     4.5,  0.01260,      READ,      3818,     263,     263,     263,     0.8,     0.6,     2.1,     6.1,    10.8,    10.8,  0.01260
1549566527,     WRITE,      3930,     273,     273,     273,     2.2,     0.5,     2.3,    51.3,   106.4,   106.4,  0.01379,      READ,      4047,     229,     229,     229,     3.1,     0.6,     6.5,    77.0,   134.5,   134.5,  0.01379
1549566528,     WRITE,      4180,     250,     250,     250,     0.5,     0.4,     0.7,     2.6,     5.2,     5.2,  0.01315,      READ,      4297,     250,     250,     250,     0.7,     0.6,     0.9,     4.4,     7.3,     7.3,  0.01315
1549566529,     WRITE,      4417,     237,     237,     237,     0.8,     0.4,     0.6,     7.2,    56.0,    56.0,  0.01247,      READ,      4560,     263,     263,     263,     0.9,     0.6,     0.9,     2.8,    61.7,    61.7,  0.01247
1549566530,     WRITE,      4661,     244,     244,     244,     0.6,     0.4,     0.8,     6.0,     8.6,     8.6,  0.01188,      READ,      4816,     256,     256,     256,     0.8,     0.5,     0.9,     5.8,    19.9,    19.9,  0.01188
1549566531,     WRITE,      4921,     260,     260,     260,     0.7,     0.4,     0.6,     3.5,    38.5,    38.5,  0.01128,      READ,      5056,     240,     240,     240,     1.3,     0.5,     1.0,    37.7,    43.5,    43.5,  0.01128
1549566532,     WRITE,      5193,     272,     272,     272,     1.4,     0.4,     1.9,    34.1,    52.1,    52.1,  0.01075,      READ,      5281,     225,     225,     225,     1.6,     0.5,     3.2,    38.3,    48.1,    48.1,  0.01075
1549566533,     WRITE,      5436,     243,     243,     243,     1.5,     0.4,     0.9,    46.3,    52.6,    52.6,  0.01029,      READ,      5541,     260,     260,     260,     1.3,     0.6,     1.1,    28.1,    50.5,    50.5,  0.01029
1549566534,     WRITE,      5702,     266,     266,     266,     1.4,     0.5,     2.7,    28.0,    46.6,    46.6,  0.00985,      READ,      5775,     234,     234,     234,     1.4,     0.6,     0.8,    48.1,    54.9,    54.9,  0.00985
1549566535,     WRITE,      5915,     213,     213,     213,     1.8,     0.5,     3.5,    38.1,    49.2,    49.2,  0.00945,      READ,      6062,     287,     287,     287,     1.0,     0.6,     1.2,     6.7,    41.2,    41.2,  0.00945
1549566536,     WRITE,      6188,     273,     273,     273,    21.2,     0.5,   145.9,   206.0,   235.9,   235.9,  0.01200,      READ,      6269,     207,     207,     207,    22.1,     0.7,   126.7,   155.1,   232.8,   232.8,  0.01200
1549566537,     WRITE,      6433,     245,     245,     245,     3.6,     0.5,    28.0,    68.8,    87.6,    87.6,  0.01194,      READ,      6544,     275,     275,     275,     3.8,     0.6,    24.7,    61.5,    89.1,    89.1,  0.01194
1549566538,     WRITE,      6728,     295,     295,     295,     1.4,     0.5,     1.3,    30.0,    68.6,    68.6,  0.01151,      READ,      6749,     205,     205,     205,     1.7,     0.6,     1.2,    32.1,    72.4,    72.4,  0.01151
1549566539,     WRITE,      7004,     276,     276,     276,     0.5,     0.4,     0.6,     4.3,     8.1,     8.1,  0.01123,      READ,      6973,     224,     224,     224,     0.6,     0.6,     0.8,     2.0,     4.3,     4.3,  0.01123
1549566540,     WRITE,      7246,     242,     242,     242,     0.5,     0.4,     0.8,     2.3,     5.6,     5.6,  0.01095,      READ,      7231,     258,     258,     258,     0.6,     0.6,     0.9,     1.1,    10.8,    10.8,  0.01095
1549566541,     WRITE,      7517,     271,     271,     271,     0.5,     0.4,     0.6,     2.4,     6.0,     6.0,  0.01070,      READ,      7460,     229,     229,     229,     0.6,     0.6,     0.7,     4.3,     6.1,     6.1,  0.01070
1549566542,     WRITE,      7791,     274,     274,     274,     0.5,     0.4,     0.7,     4.1,     4.3,     4.3,  0.01047,      READ,      7686,     226,     226,     226,     0.6,     0.5,     0.9,     3.9,     4.2,     4.2,  0.01047
1549566543,     WRITE,      8061,     270,     270,     270,     0.4,     0.4,     0.5,     1.0,     7.8,     7.8,  0.01022,      READ,      7916,     230,     230,     230,     0.6,     0.5,     0.7,     2.3,     9.7,     9.7,  0.01022
1549566544,     WRITE,      8307,     246,     246,     246,     0.4,     0.4,     0.5,     2.1,     4.8,     4.8,  0.01000,      READ,      8170,     254,     254,     254,     0.5,     0.5,     0.7,     1.8,     3.2,     3.2,  0.01000
1549566545,     WRITE,      8540,     233,     233,     233,     0.5,     0.4,     0.6,     2.2,     5.1,     5.1,  0.00979,      READ,      8437,     267,     267,     267,     0.6,     0.5,     0.7,     1.3,     4.3,     4.3,  0.00979
1549566546,     WRITE,      8804,     264,     264,     264,     0.4,     0.4,     0.6,     0.9,     2.9,     2.9,  0.00959,      READ,      8673,     236,     236,     236,     0.6,     0.6,     0.8,     2.3,     4.6,     4.6,  0.00959
1549566547,     WRITE,      9100,     296,     296,     296,     0.5,     0.5,     0.6,     4.0,     6.5,     6.5,  0.00938,      READ,      8877,     204,     204,     204,     0.7,     0.6,     0.9,     2.4,     4.0,     4.0,  0.00938
1549566548,     WRITE,      9345,     245,     245,     245,     0.6,     0.4,     0.7,     5.0,    12.8,    12.8,  0.00915,      READ,      9132,     255,     255,     255,     1.3,     0.6,     0.9,     6.3,    65.5,    65.5,  0.00915
1549566549,     WRITE,      9595,     250,     250,     250,     0.5,     0.4,     0.7,     2.7,     4.9,     4.9,  0.00897,      READ,      9382,     250,     250,     250,     0.6,     0.6,     0.8,     1.0,     4.6,     4.6,  0.00897
1549566550,     WRITE,      9848,     253,     253,     253,    18.1,     0.5,   125.4,   191.2,   197.3,   197.3,  0.01062,      READ,      9629,     247,     247,     247,    14.8,     0.6,   115.0,   150.3,   229.1,   229.1,  0.01062
1549566551,     WRITE,     10095,     247,     247,     247,     0.9,     0.4,     0.7,    22.7,    32.8,    32.8,  0.01036,      READ,      9882,     253,     253,     253,     0.9,     0.6,     0.8,     4.3,    37.1,    37.1,  0.01036
1549566552,     WRITE,     10343,     248,     248,     248,     0.5,     0.5,     0.7,     2.6,     5.2,     5.2,  0.01017,      READ,     10134,     252,     252,     252,     0.7,     0.6,     0.8,     4.7,     6.9,     6.9,  0.01017
1549566553,     WRITE,     10541,     198,     198,     198,     0.5,     0.4,     0.6,     0.9,     3.6,     3.6,  0.00999,      READ,     10436,     302,     302,     302,     0.6,     0.6,     0.7,     2.5,     4.3,     4.3,  0.00999
1549566554,     WRITE,     10748,     207,     207,     207,     1.0,     0.4,     0.7,    30.9,    47.4,    47.4,  0.00976,      READ,     10729,     293,     293,     293,     1.2,     0.6,     0.8,    18.1,    63.5,    63.5,  0.00976
1549566555,     WRITE,     10973,     225,     225,     225,     0.4,     0.4,     0.6,     1.7,     3.2,     3.2,  0.00959,      READ,     11004,     275,     275,     275,     0.5,     0.5,     0.7,     1.0,     4.8,     4.8,  0.00959
1549566556,     WRITE,     11264,     291,     291,     291,     0.4,     0.4,     0.6,     0.7,     3.3,     3.3,  0.00943,      READ,     11213,     209,     209,     209,     0.6,     0.5,     0.7,     1.8,     2.4,     2.4,  0.00943
1549566557,     WRITE,     11516,     252,     252,     252,     0.5,     0.4,     0.5,     2.5,     5.2,     5.2,  0.00927,      READ,     11461,     248,     248,     248,     0.6,     0.5,     0.7,     1.7,     6.9,     6.9,  0.00927
1549566558,     WRITE,     11782,     266,     266,     266,     0.4,     0.4,     0.5,     1.8,     4.2,     4.2,  0.00912,      READ,     11695,     234,     234,     234,     0.5,     0.5,     0.7,     1.6,     4.5,     4.5,  0.00912
1549566559,     WRITE,     12050,     268,     268,     268,     0.4,     0.4,     0.5,     1.1,     3.7,     3.7,  0.00897,      READ,     11927,     232,     232,     232,     0.6,     0.5,     0.7,     2.2,     3.2,     3.2,  0.00897
1549566560,     WRITE,     12309,     259,     259,     259,     0.5,     0.4,     0.6,     2.8,     5.7,     5.7,  0.00882,      READ,     12168,     241,     241,     241,     0.6,     0.6,     0.8,     3.3,     5.4,     5.4,  0.00882
1549566561,     WRITE,     12571,     262,     262,     262,     0.5,     0.4,     0.7,     2.6,     3.8,     3.8,  0.00868,      READ,     12406,     238,     238,     238,     0.6,     0.6,     0.8,     1.0,     4.7,     4.7,  0.00868
1549566562,     WRITE,     12774,     203,     203,     203,     0.5,     0.4,     0.7,     3.3,     4.8,     4.8,  0.00855,      READ,     12703,     297,     297,     297,     0.7,     0.6,     0.8,     3.2,     5.1,     5.1,  0.00855
1549566563,     WRITE,     12989,     215,     215,     215,     0.5,     0.5,     0.7,     4.3,     5.6,     5.6,  0.00841,      READ,     12988,     285,     285,     285,     0.7,     0.6,     0.8,     3.1,     6.7,     6.7,  0.00841
1549566564,     WRITE,     13275,     286,     286,     286,     0.5,     0.5,     0.6,     1.8,     5.0,     5.0,  0.00828,      READ,     13202,     214,     214,     214,     0.7,     0.6,     0.9,     3.1,     6.6,     6.6,  0.00828
1549566565,     WRITE,     13498,     223,     223,     223,     0.5,     0.4,     0.6,     1.9,     3.8,     3.8,  0.00816,      READ,     13478,     276,     276,     276,     0.6,     0.6,     0.8,     1.8,     4.3,     4.3,  0.00816
1549566566,     WRITE,     13764,     266,     266,     266,     0.5,     0.4,     0.6,     2.2,     5.5,     5.5,  0.00804,      READ,     13713,     235,     235,     235,     0.6,     0.6,     0.7,     3.4,     6.1,     6.1,  0.00804
1549566567,     WRITE,     14032,     268,     268,     268,     0.4,     0.4,     0.6,     0.9,     4.3,     4.3,  0.00793,      READ,     13940,     227,     227,     227,     0.6,     0.5,     0.8,     2.8,     3.8,     3.8,  0.00793
1549566568,     WRITE,     14301,     269,     269,     269,     0.9,     0.4,     0.7,    12.3,    50.3,    50.3,  0.00780,      READ,     14176,     236,     236,     236,     1.5,     0.6,     1.1,    35.1,    43.8,    43.8,  0.00780
1549566569,     WRITE,     14553,     252,     252,     252,     0.5,     0.4,     0.6,     0.9,     2.2,     2.2,  0.00770,      READ,     14424,     248,     248,     248,     0.6,     0.6,     0.8,     1.4,     2.0,     2.0,  0.00770
1549566570,     WRITE,     14809,     256,     256,     256,     1.3,     0.4,     1.0,    27.0,    65.9,    65.9,  0.00758,      READ,     14668,     244,     244,     244,     0.7,     0.6,     0.8,     3.3,    24.0,    24.0,  0.00758
1549566571,     WRITE,     15036,     227,     227,     227,     2.3,     0.4,     0.8,    63.3,    89.3,    89.3,  0.00762,      READ,     14941,     273,     273,     273,     3.4,     0.5,    11.1,    97.8,   123.2,   123.2,  0.00762
1549566572,     WRITE,     15249,     213,     213,     213,     0.4,     0.4,     0.5,     0.7,     3.7,     3.7,  0.00752,      READ,     15228,     287,     287,     287,     0.6,     0.5,     0.8,     3.9,     5.9,     5.9,  0.00752
1549566573,     WRITE,     15531,     282,     282,     282,     0.8,     0.4,     0.6,     4.3,    45.6,    45.6,  0.00739,      READ,     15446,     218,     218,     218,     0.8,     0.5,     0.8,     3.1,    41.4,    41.4,  0.00739
1549566574,     WRITE,     15762,     231,     231,     231,     0.4,     0.4,     0.5,     0.7,     5.8,     5.8,  0.00730,      READ,     15715,     269,     269,     269,     0.6,     0.5,     0.7,     1.0,     4.5,     4.5,  0.00730
1549566575,     WRITE,     16027,     265,     265,     265,     0.5,     0.4,     0.6,     1.4,    22.8,    22.8,  0.00719,      READ,     15950,     235,     235,     235,     0.5,     0.5,     0.7,     0.9,     2.4,     2.4,  0.00719
1549566576,     WRITE,     16238,     211,     211,     211,     0.4,     0.4,     0.6,     0.7,     3.0,     3.0,  0.00710,      READ,     16239,     289,     289,     289,     0.6,     0.5,     0.7,     2.2,     5.3,     5.3,  0.00710
1549566577,     WRITE,     16456,     218,     218,     218,     0.5,     0.4,     0.7,     2.8,     5.1,     5.1,  0.00701,      READ,     16521,     282,     282,     282,     0.6,     0.6,     0.8,     3.7,     6.4,     6.4,  0.00701
1549566578,     WRITE,     16706,     250,     250,     250,     0.6,     0.4,     1.1,     5.8,     6.2,     6.2,  0.00692,      READ,     16771,     250,     250,     250,     0.7,     0.6,     0.9,     4.2,     5.8,     5.8,  0.00692
1549566579,     WRITE,     16926,     220,     220,     220,     0.6,     0.5,     0.8,     4.0,     5.0,     5.0,  0.00684,      READ,     17051,     280,     280,     280,     0.6,     0.6,     0.8,     2.8,     6.6,     6.6,  0.00684
1549566580,     WRITE,     17162,     236,     236,     236,     0.6,     0.4,     0.8,     3.0,    25.2,    25.2,  0.00674,      READ,     17315,     264,     264,     264,     0.9,     0.6,     1.0,     5.1,    35.3,    35.3,  0.00674
1549566581,     WRITE,     17407,     245,     245,     245,     0.5,     0.5,     0.7,     2.3,     5.1,     5.1,  0.00666,      READ,     17570,     255,     255,     255,     0.7,     0.6,     1.0,     3.9,     6.2,     6.2,  0.00666
1549566582,     WRITE,     17635,     228,     228,     228,     0.6,     0.5,     0.7,     2.7,     7.5,     7.5,  0.00658,      READ,     17842,     272,     272,     272,     0.6,     0.6,     0.9,     2.7,     4.3,     4.3,  0.00658
1549566583,     WRITE,     17874,     239,     239,     239,     0.5,     0.4,     0.6,     3.4,     6.1,     6.1,  0.00650,      READ,     18103,     261,     261,     261,     0.7,     0.6,     0.8,     3.4,     6.3,     6.3,  0.00650
1549566584,     WRITE,     18087,     213,     213,     213,     0.5,     0.4,     0.6,     3.7,     4.9,     4.9,  0.00643,      READ,     18390,     287,     287,     287,     0.7,     0.6,     0.8,     2.3,     6.4,     6.4,  0.00643
1549566585,     WRITE,     18377,     290,     290,     290,     0.5,     0.4,     0.7,     3.7,     5.9,     5.9,  0.00635,      READ,     18600,     210,     210,     210,     0.6,     0.6,     0.8,     0.9,     3.6,     3.6,  0.00635
1549566586,     WRITE,     18620,     243,     243,     243,     0.5,     0.4,     0.6,     1.7,     3.8,     3.8,  0.00628,      READ,     18857,     257,     257,     257,     0.6,     0.6,     0.8,     2.1,     6.6,     6.6,  0.00628
1549566587,     WRITE,     18874,     254,     254,     254,     1.2,     0.4,     0.8,    20.3,    59.1,    59.1,  0.00621,      READ,     19103,     246,     246,     246,     0.9,     0.6,     0.8,    12.7,    36.3,    36.3,  0.00621
1549566588,     WRITE,     19141,     267,     267,     267,     0.5,     0.4,     0.7,     2.5,     4.8,     4.8,  0.00614,      READ,     19336,     233,     233,     233,     0.6,     0.6,     0.8,     0.9,     2.0,     2.0,  0.00614
1549566589,     WRITE,     19441,     300,     300,     300,     0.5,     0.4,     0.6,     3.9,     5.8,     5.8,  0.00607,      READ,     19536,     200,     200,     200,     0.6,     0.6,     0.8,     2.2,     6.5,     6.5,  0.00607
1549566590,     WRITE,     19703,     262,     262,     262,     0.5,     0.4,     0.6,     1.7,     3.8,     3.8,  0.00601,      READ,     19772,     236,     236,     236,     0.6,     0.5,     0.8,     2.9,     5.3,     5.3,  0.00601
1549566591,     WRITE,     19946,     243,     243,     243,     0.8,     0.4,     0.7,     2.6,    40.1,    40.1,  0.00594,      READ,     20030,     258,     258,     258,     0.6,     0.5,     0.8,     1.2,     4.3,     4.3,  0.00594
1549566592,     WRITE,     20230,     284,     284,     284,     1.0,     0.4,     0.7,    12.1,    49.7,    49.7,  0.00587,      READ,     20247,     217,     217,     217,     0.8,     0.6,     0.9,     2.9,    27.9,    27.9,  0.00587
1549566593,     WRITE,     20457,     227,     227,     227,     0.5,     0.4,     0.6,     1.0,     2.2,     2.2,  0.00581,      READ,     20520,     273,     273,     273,     0.6,     0.6,     0.8,     1.9,     5.8,     5.8,  0.00581
1549566594,     WRITE,     20680,     223,     223,     223,     0.5,     0.4,     0.6,     1.9,     3.8,     3.8,  0.00575,      READ,     20797,     277,     277,     277,     0.6,     0.5,     0.7,     1.0,     4.8,     4.8,  0.00575
1549566595,     WRITE,     20917,     237,     237,     237,     0.5,     0.4,     0.7,     4.0,     4.3,     4.3,  0.00569,      READ,     21060,     263,     263,     263,     0.6,     0.6,     0.8,     2.1,     5.7,     5.7,  0.00569
1549566596,     WRITE,     21187,     270,     270,     270,     0.5,     0.4,     0.7,     3.7,     4.6,     4.6,  0.00564,      READ,     21290,     230,     230,     230,     0.7,     0.6,     1.0,     5.1,     6.5,     6.5,  0.00564
1549566597,     WRITE,     21465,     278,     278,     278,     0.9,     0.4,     0.7,     4.9,    65.7,    65.7,  0.00559,      READ,     21512,     222,     222,     222,     1.0,     0.6,     0.9,     5.3,    70.1,    70.1,  0.00559
1549566598,     WRITE,     21725,     260,     260,     260,     0.5,     0.4,     0.6,     0.9,     4.0,     4.0,  0.00553,      READ,     21752,     240,     240,     240,     0.7,     0.6,     0.9,     4.4,     6.2,     6.2,  0.00553
1549566599,     WRITE,     21960,     235,     235,     235,     0.5,     0.4,     0.6,     0.9,     5.0,     5.0,  0.00548,      READ,     22017,     265,     265,     265,     0.6,     0.6,     0.9,     2.9,     5.0,     5.0,  0.00548
1549566600,     WRITE,     22272,     312,     312,     312,     0.5,     0.4,     0.6,     2.0,     5.4,     5.4,  0.00543,      READ,     22205,     188,     188,     188,     0.7,     0.6,     0.9,     2.6,     6.3,     6.3,  0.00543
1549566601,     WRITE,     22503,     231,     231,     231,     0.6,     0.4,     0.7,     3.6,     5.7,     5.7,  0.00538,      READ,     22474,     269,     269,     269,     0.6,     0.6,     0.8,     1.2,     4.6,     4.6,  0.00538
1549566602,     WRITE,     22763,     260,     260,     260,     0.5,     0.4,     0.7,     3.2,     5.6,     5.6,  0.00533,      READ,     22714,     240,     240,     240,     0.6,     0.6,     0.8,     2.2,     4.9,     4.9,  0.00533
1549566603,     WRITE,     23016,     253,     253,     253,     1.1,     0.4,     0.7,     5.8,    52.8,    52.8,  0.00528,      READ,     22961,     247,     247,     247,     1.4,     0.6,     2.3,    36.1,    58.2,    58.2,  0.00528
1549566604,     WRITE,     23254,     238,     238,     238,     0.6,     0.5,     0.7,     3.3,     4.4,     4.4,  0.00523,      READ,     23223,     262,     262,     262,     0.6,     0.6,     0.8,     1.1,     6.2,     6.2,  0.00523
1549566605,     WRITE,     23478,     224,     224,     224,     0.5,     0.4,     0.6,     0.9,     1.1,     1.1,  0.00518,      READ,     23499,     276,     276,     276,     0.7,     0.6,     0.9,     4.5,     6.4,     6.4,  0.00518
1549566606,     WRITE,     23767,     289,     289,     289,     0.5,     0.4,     0.6,     0.9,     4.6,     4.6,  0.00514,      READ,     23708,     209,     209,     209,     0.6,     0.6,     0.8,     1.0,     3.2,     3.2,  0.00514
1549566607,     WRITE,     24009,     242,     242,     242,     0.7,     0.4,     0.7,     4.3,    41.1,    41.1,  0.00508,      READ,     23968,     260,     260,     260,     0.8,     0.6,     1.0,     5.1,    33.2,    33.2,  0.00508
1549566608,     WRITE,     24260,     251,     251,     251,     0.5,     0.4,     0.7,     2.3,     4.0,     4.0,  0.00504,      READ,     24217,     249,     249,     249,     0.7,     0.6,     0.9,     5.0,     5.9,     5.9,  0.00504
1549566609,     WRITE,     24518,     258,     258,     258,     0.5,     0.4,     0.6,     3.0,     5.7,     5.7,  0.00500,      READ,     24459,     242,     242,     242,     0.7,     0.6,     0.9,     3.0,     5.1,     5.1,  0.00500
1549566610,     WRITE,     24770,     252,     252,     252,     0.5,     0.5,     0.7,     2.8,     4.6,     4.6,  0.00495,      READ,     24707,     248,     248,     248,     0.7,     0.6,     0.9,     5.1,     6.2,     6.2,  0.00495
1549566611,     WRITE,     25039,     269,     269,     269,     0.5,     0.4,     0.7,     3.1,     4.8,     4.8,  0.00491,      READ,     24938,     231,     231,     231,     0.6,     0.6,     0.8,     1.9,     4.4,     4.4,  0.00491
1549566612,     WRITE,     25319,     280,     280,     280,     0.5,     0.4,     0.7,     2.3,     4.2,     4.2,  0.00487,      READ,     25158,     220,     220,     220,     0.6,     0.6,     0.8,     2.2,     5.1,     5.1,  0.00487
1549566613,     WRITE,     25582,     263,     263,     263,     1.5,     0.4,     2.6,    34.4,    52.4,    52.4,  0.00483,      READ,     25395,     237,     237,     237,     1.8,     0.6,     2.6,    41.2,    49.5,    49.5,  0.00483
1549566614,     WRITE,     25845,     263,     263,     263,     0.8,     0.4,     0.7,     4.7,    50.8,    50.8,  0.00479,      READ,     25632,     237,     237,     237,     1.3,     0.6,     0.8,    51.6,    60.3,    60.3,  0.00479
1549566615,     WRITE,     26084,     239,     239,     239,     0.5,     0.4,     0.7,     3.0,     4.7,     4.7,  0.00475,      READ,     25893,     261,     261,     261,     0.6,     0.6,     0.8,     1.1,     4.9,     4.9,  0.00475
1549566616,     WRITE,     26379,     295,     295,     295,     0.5,     0.4,     0.6,     0.9,     2.0,     2.0,  0.00471,      READ,     26098,     205,     205,     205,     0.7,     0.6,     0.8,     3.1,     6.5,     6.5,  0.00471
1549566617,     WRITE,     26575,     196,     196,     196,     0.5,     0.5,     0.7,     2.7,     6.0,     6.0,  0.00467,      READ,     26402,     304,     304,     304,     0.7,     0.6,     0.8,     4.9,     9.1,     9.1,  0.00467
1549566618,     WRITE,     26851,     276,     276,     276,     0.5,     0.4,     0.6,     4.4,     6.2,     6.2,  0.00463,      READ,     26626,     224,     224,     224,     0.7,     0.6,     0.9,     3.3,     4.3,     4.3,  0.00463
1549566619,     WRITE,     27137,     286,     286,     286,     0.5,     0.4,     0.7,     3.6,     5.1,     5.1,  0.00460,      READ,     26840,     214,     214,     214,     0.6,     0.6,     0.8,     2.3,     4.4,     4.4,  0.00460
1549566620,     WRITE,     27335,     198,     198,     198,     1.0,     0.5,     1.0,     4.9,    50.2,    50.2,  0.00456,      READ,     27142,     302,     302,     302,     1.2,     0.6,     0.9,    22.3,    62.9,    62.9,  0.00456
1549566621,     WRITE,     27592,     257,     257,     257,     0.5,     0.4,     0.7,     3.5,     6.4,     6.4,  0.00453,      READ,     27385,     243,     243,     243,     0.7,     0.6,     0.9,     3.0,     5.1,     5.1,  0.00453
1549566622,     WRITE,     27819,     227,     227,     227,     0.5,     0.5,     0.6,     2.0,     3.3,     3.3,  0.00449,      READ,     27658,     273,     273,     273,     0.6,     0.6,     0.8,     1.2,     5.2,     5.2,  0.00449
1549566623,     WRITE,     28077,     258,     258,     258,     0.5,     0.4,     0.6,     1.2,     5.4,     5.4,  0.00446,      READ,     27900,     242,     242,     242,     0.7,     0.6,     0.8,     3.8,     6.4,     6.4,  0.00446
1549566624,     WRITE,     28300,     223,     223,     223,     0.5,     0.4,     0.6,     0.9,     2.7,     2.7,  0.00443,      READ,     28177,     277,     277,     277,     0.6,     0.6,     0.8,     1.8,     4.7,     4.7,  0.00443
1549566625,     WRITE,     28546,     246,     246,     246,     0.5,     0.4,     0.7,     2.5,     4.3,     4.3,  0.00439,      READ,     28431,     254,     254,     254,     0.6,     0.6,     0.8,     1.0,     2.0,     2.0,  0.00439
1549566626,     WRITE,     28790,     244,     244,     244,     1.0,     0.4,     0.7,    29.7,    39.5,    39.5,  0.00436,      READ,     28687,     256,     256,     256,     0.7,     0.6,     0.8,     2.0,    31.6,    31.6,  0.00436
1549566627,     WRITE,     29014,     224,     224,     224,     0.5,     0.4,     0.6,     1.9,     4.0,     4.0,  0.00432,      READ,     28963,     276,     276,     276,     0.6,     0.6,     0.8,     1.2,     4.2,     4.2,  0.00432
1549566628,     WRITE,     29288,     274,     274,     274,     0.5,     0.4,     0.7,     3.4,     4.7,     4.7,  0.00429,      READ,     29189,     226,     226,     226,     0.6,     0.6,     0.7,     0.8,     5.9,     5.9,  0.00429
1549566629,     WRITE,     29530,     242,     242,     242,     1.0,     0.4,     0.7,    18.2,    55.7,    55.7,  0.00426,      READ,     29447,     258,     258,     258,     1.1,     0.6,     1.0,    12.0,    52.1,    52.1,  0.00426
1549566630,     WRITE,     29799,     269,     269,     269,     0.6,     0.4,     0.8,     3.8,     6.5,     6.5,  0.00423,      READ,     29678,     231,     231,     231,     0.6,     0.6,     0.9,     1.8,     3.3,     3.3,  0.00423
1549566631,     WRITE,     30062,     263,     263,     263,     0.6,     0.4,     0.7,     4.2,     6.0,     6.0,  0.00420,      READ,     29915,     237,     237,     237,     1.1,     0.6,     1.2,     6.3,    60.6,    60.6,  0.00420
1549566632,     WRITE,     30254,     192,     192,     192,     0.5,     0.5,     0.7,     1.8,     4.3,     4.3,  0.00417,      READ,     30223,     308,     308,     308,     0.7,     0.6,     0.8,     4.0,     5.8,     5.8,  0.00417
1549566633,     WRITE,     30503,     249,     249,     249,     0.5,     0.5,     0.6,     3.0,     4.4,     4.4,  0.00414,      READ,     30474,     251,     251,     251,     0.6,     0.6,     0.7,     1.1,     2.9,     2.9,  0.00414
1549566634,     WRITE,     30694,     191,     191,     191,     0.5,     0.4,     0.7,     2.8,     4.3,     4.3,  0.00412,      READ,     30783,     309,     309,     309,     0.6,     0.6,     0.8,     2.2,     5.8,     5.8,  0.00412
1549566635,     WRITE,     30950,     256,     256,     256,     0.5,     0.4,     0.6,     1.9,     4.3,     4.3,  0.00409,      READ,     31027,     244,     244,     244,     0.6,     0.6,     0.7,     2.2,     4.2,     4.2,  0.00409
1549566636,     WRITE,     31189,     239,     239,     239,     1.1,     0.4,     0.8,    33.3,    51.7,    51.7,  0.00406,      READ,     31288,     261,     261,     261,     1.2,     0.6,     1.1,     8.3,    57.7,    57.7,  0.00406
1549566637,     WRITE,     31453,     264,     264,     264,     0.6,     0.4,     0.6,     4.3,     6.6,     6.6,  0.00403,      READ,     31524,     236,     236,     236,     0.7,     0.6,     0.8,     5.2,     6.4,     6.4,  0.00403
1549566638,     WRITE,     31680,     227,     227,     227,     0.6,     0.5,     0.8,     2.8,     6.6,     6.6,  0.00401,      READ,     31797,     273,     273,     273,     0.7,     0.6,     0.9,     4.5,     8.6,     8.6,  0.00401
1549566639,     WRITE,     31920,     240,     240,     240,     0.5,     0.5,     0.6,     2.2,     4.5,     4.5,  0.00398,      READ,     32057,     260,     260,     260,     0.7,     0.6,     0.8,     3.2,     4.5,     4.5,  0.00398
1549566640,     WRITE,     32197,     277,     277,     277,     0.5,     0.4,     0.6,     3.6,     4.4,     4.4,  0.00395,      READ,     32280,     223,     223,     223,     0.6,     0.6,     0.9,     2.3,     4.3,     4.3,  0.00395
1549566641,     WRITE,     32443,     246,     246,     246,     0.5,     0.5,     0.6,     3.4,     4.3,     4.3,  0.00393,      READ,     32534,     254,     254,     254,     0.6,     0.6,     0.9,     1.7,     4.6,     4.6,  0.00393
1549566642,     WRITE,     32701,     258,     258,     258,     0.5,     0.4,     0.6,     1.8,     4.6,     4.6,  0.00390,      READ,     32776,     242,     242,     242,     0.6,     0.6,     0.9,     1.7,     5.9,     5.9,  0.00390
1549566643,     WRITE,     32981,     280,     280,     280,     0.5,     0.4,     0.7,     2.3,     4.6,     4.6,  0.00387,      READ,     32996,     220,     220,     220,     0.7,     0.6,     0.9,     4.4,     6.2,     6.2,  0.00387
1549566644,     WRITE,     33244,     263,     263,     263,     0.5,     0.5,     0.7,     2.5,     5.1,     5.1,  0.00385,      READ,     33233,     237,     237,     237,     0.7,     0.6,     0.9,     4.0,     6.5,     6.5,  0.00385
1549566645,     WRITE,     33504,     260,     260,     260,     0.5,     0.4,     0.7,     2.5,     6.4,     6.4,  0.00382,      READ,     33473,     240,     240,     240,     0.7,     0.6,     0.8,     2.9,     4.7,     4.7,  0.00382
1549566646,     WRITE,     33757,     253,     253,     253,     0.6,     0.4,     0.7,     4.1,    17.6,    17.6,  0.00380,      READ,     33720,     247,     247,     247,     0.8,     0.6,     0.8,     6.2,    27.9,    27.9,  0.00380
1549566647,     WRITE,     33972,     215,     215,     215,     0.5,     0.5,     0.6,     3.1,     6.6,     6.6,  0.00377,      READ,     34005,     285,     285,     285,     0.6,     0.6,     0.8,     1.1,     5.3,     5.3,  0.00377
1549566648,     WRITE,     34226,     254,     254,     254,     1.1,     0.4,     0.6,     5.7,    57.7,    57.7,  0.00375,      READ,     34251,     246,     246,     246,     1.3,     0.6,     0.8,    39.6,    53.7,    53.7,  0.00375
1549566649,     WRITE,     34468,     242,     242,     242,     0.5,     0.4,     0.7,     1.3,     2.9,     2.9,  0.00373,      READ,     34509,     258,     258,     258,     0.6,     0.5,     0.8,     1.0,     3.6,     3.6,  0.00373
1549566650,     WRITE,     34744,     276,     276,     276,     1.0,     0.4,     0.7,    28.9,    46.9,    46.9,  0.00370,      READ,     34733,     224,     224,     224,     0.8,     0.6,     0.8,     3.3,    41.0,    41.0,  0.00370
1549566651,     WRITE,     34977,     233,     233,     233,     0.5,     0.4,     0.6,     1.7,     5.3,     5.3,  0.00368,      READ,     35000,     267,     267,     267,     0.6,     0.5,     0.8,     3.9,     4.9,     4.9,  0.00368
1549566652,     WRITE,     35171,     194,     194,     194,     0.5,     0.5,     0.7,     0.9,     1.7,     1.7,  0.00366,      READ,     35306,     306,     306,     306,     0.6,     0.6,     0.8,     2.4,     4.3,     4.3,  0.00366
1549566653,     WRITE,     35404,     233,     233,     233,     1.0,     0.4,     0.6,    14.4,    54.3,    54.3,  0.00364,      READ,     35573,     267,     267,     267,     0.7,     0.6,     0.8,     1.9,    18.3,    18.3,  0.00364
1549566654,     WRITE,     35670,     266,     266,     266,     0.6,     0.5,     0.7,     4.9,     6.5,     6.5,  0.00362,      READ,     35807,     234,     234,     234,     0.7,     0.6,     0.8,     4.2,     5.1,     5.1,  0.00362
1549566655,     WRITE,     35918,     248,     248,     248,     0.5,     0.5,     0.6,     2.6,     5.2,     5.2,  0.00359,      READ,     36059,     252,     252,     252,     0.6,     0.6,     0.7,     1.2,     4.5,     4.5,  0.00359
1549566656,     WRITE,     36129,     211,     211,     211,     0.5,     0.5,     0.6,     2.5,     5.1,     5.1,  0.00357,      READ,     36348,     289,     289,     289,     0.6,     0.6,     0.8,     1.3,     4.0,     4.0,  0.00357
1549566657,     WRITE,     36345,     216,     216,     216,     0.6,     0.4,     0.7,     4.3,     5.5,     5.5,  0.00355,      READ,     36632,     284,     284,     284,     0.6,     0.6,     0.8,     1.0,     6.8,     6.8,  0.00355
1549566658,     WRITE,     36592,     247,     247,     247,     0.5,     0.4,     0.7,     2.0,     3.5,     3.5,  0.00353,      READ,     36885,     253,     253,     253,     0.6,     0.6,     0.7,     1.3,     4.2,     4.2,  0.00353
1549566659,     WRITE,     36858,     266,     266,     266,     0.6,     0.4,     0.6,     2.3,    43.7,    43.7,  0.00351,      READ,     37119,     234,     234,     234,     1.3,     0.5,     0.8,    29.4,    58.2,    58.2,  0.00351
1549566660,     WRITE,     37116,     258,     258,     258,     0.5,     0.4,     0.6,     1.5,     4.4,     4.4,  0.00349,      READ,     37361,     242,     242,     242,     0.6,     0.5,     0.9,     3.7,     6.9,     6.9,  0.00349
1549566661,     WRITE,     37380,     264,     264,     264,     0.5,     0.4,     0.6,     2.5,     4.7,     4.7,  0.00347,      READ,     37597,     236,     236,     236,     0.6,     0.6,     0.8,     1.1,     4.6,     4.6,  0.00347
1549566662,     WRITE,     37592,     212,     212,     212,     0.5,     0.5,     0.6,     2.2,     6.2,     6.2,  0.00345,      READ,     37885,     288,     288,     288,     0.7,     0.6,     0.9,     3.4,     6.3,     6.3,  0.00345
1549566663,     WRITE,     37810,     218,     218,     218,     0.5,     0.5,     0.6,     0.7,     0.9,     0.9,  0.00343,      READ,     38167,     282,     282,     282,     0.7,     0.6,     0.8,     2.5,     6.2,     6.2,  0.00343
1549566664,     WRITE,     38047,     237,     237,     237,     0.5,     0.5,     0.7,     2.3,     2.8,     2.8,  0.00341,      READ,     38430,     263,     263,     263,     0.6,     0.6,     0.8,     1.2,     4.7,     4.7,  0.00341
1549566665,     WRITE,     38288,     241,     241,     241,     0.9,     0.4,     0.7,    14.4,    51.7,    51.7,  0.00340,      READ,     38689,     259,     259,     259,     1.0,     0.6,     1.0,     4.8,    41.5,    41.5,  0.00340
1549566666,     WRITE,     38516,     228,     228,     228,     0.5,     0.4,     0.6,     0.8,     5.6,     5.6,  0.00338,      READ,     38961,     272,     272,     272,     0.6,     0.6,     0.7,     0.9,     2.9,     2.9,  0.00338
1549566667,     WRITE,     38755,     239,     239,     239,     0.5,     0.4,     0.6,     1.0,     1.8,     1.8,  0.00336,      READ,     39222,     261,     261,     261,     0.7,     0.6,     1.0,     2.7,     6.5,     6.5,  0.00336
1549566668,     WRITE,     39011,     256,     256,     256,     0.5,     0.4,     0.6,     1.0,     4.3,     4.3,  0.00334,      READ,     39466,     244,     244,     244,     0.6,     0.6,     0.8,     2.9,     5.1,     5.1,  0.00334
1549566669,     WRITE,     39246,     235,     235,     235,     0.4,     0.4,     0.6,     1.3,     2.1,     2.1,  0.00332,      READ,     39731,     265,     265,     265,     0.6,     0.5,     0.8,     1.0,     1.3,     1.3,  0.00332
1549566670,     WRITE,     39487,     241,     241,     241,     0.6,     0.4,     0.6,     4.2,    47.3,    47.3,  0.00331,      READ,     39990,     259,     259,     259,     1.6,     0.5,     2.0,    37.5,    57.0,    57.0,  0.00331
1549566671,     WRITE,     39731,     244,     244,     244,     0.6,     0.4,     0.6,     1.0,    37.8,    37.8,  0.00329,      READ,     40246,     256,     256,     256,     1.0,     0.5,     0.7,     5.1,    59.6,    59.6,  0.00329
1549566672,     WRITE,     39920,     189,     189,     189,     0.5,     0.4,     0.6,     1.9,     5.9,     5.9,  0.00327,      READ,     40557,     311,     311,     311,     0.6,     0.5,     0.7,     4.3,     6.0,     6.0,  0.00327
1549566673,     WRITE,     40137,     217,     217,     217,     0.5,     0.4,     0.6,     2.8,     3.6,     3.6,  0.00326,      READ,     40840,     283,     283,     283,     0.6,     0.5,     0.7,     1.6,     7.3,     7.3,  0.00326
1549566674,     WRITE,     40404,     267,     267,     267,     0.5,     0.4,     0.6,     2.1,     4.3,     4.3,  0.00324,      READ,     41073,     233,     233,     233,     0.7,     0.6,     0.8,     4.1,     6.1,     6.1,  0.00324
1549566675,     WRITE,     40642,     238,     238,     238,     0.5,     0.4,     0.7,     0.9,     3.1,     3.1,  0.00322,      READ,     41335,     262,     262,     262,     0.6,     0.6,     0.8,     1.8,     5.9,     5.9,  0.00322
1549566676,     WRITE,     40906,     264,     264,     264,     0.5,     0.4,     0.6,     3.7,     6.0,     6.0,  0.00320,      READ,     41571,     236,     236,     236,     0.6,     0.6,     0.8,     1.2,     1.8,     1.8,  0.00320
1549566677,     WRITE,     41098,     192,     192,     192,     0.5,     0.4,     0.6,     2.0,     4.5,     4.5,  0.00319,      READ,     41879,     308,     308,     308,     0.6,     0.6,     0.7,     0.9,     1.2,     1.2,  0.00319
1549566678,     WRITE,     41403,     305,     305,     305,     0.5,     0.4,     0.6,     0.9,     4.8,     4.8,  0.00317,      READ,     42074,     195,     195,     195,     0.6,     0.6,     0.8,     3.1,     4.4,     4.4,  0.00317
1549566679,     WRITE,     41649,     246,     246,     246,     0.6,     0.4,     0.8,     4.5,     6.2,     6.2,  0.00316,      READ,     42328,     254,     254,     254,     0.6,     0.6,     0.8,     1.8,     5.9,     5.9,  0.00316
1549566680,     WRITE,     41943,     294,     294,     294,     0.5,     0.4,     0.6,     1.2,     2.2,     2.2,  0.00314,      READ,     42534,     206,     206,     206,     0.6,     0.6,     0.8,     1.3,     2.2,     2.2,  0.00314
1549566681,     WRITE,     42226,     283,     283,     283,     0.5,     0.4,     0.6,     1.7,     3.7,     3.7,  0.00312,      READ,     42750,     216,     216,     216,     0.8,     0.6,     0.8,     2.3,    39.2,    39.2,  0.00312
1549566682,     WRITE,     42504,     278,     278,     278,     1.1,     0.4,     0.6,    29.5,    48.3,    48.3,  0.00311,      READ,     42973,     223,     223,     223,     1.0,     0.5,     0.8,    13.5,    37.5,    37.5,  0.00311
1549566683,     WRITE,     42733,     229,     229,     229,     0.4,     0.4,     0.5,     0.9,     4.2,     4.2,  0.00309,      READ,     43244,     271,     271,     271,     0.5,     0.5,     0.7,     1.0,     4.6,     4.6,  0.00309
1549566684,     WRITE,     42971,     238,     238,     238,     0.4,     0.4,     0.5,     2.0,     4.2,     4.2,  0.00308,      READ,     43506,     262,     262,     262,     0.5,     0.5,     0.7,     1.2,     3.1,     3.1,  0.00308
1549566685,     WRITE,     43259,     288,     288,     288,     0.7,     0.4,     0.6,     4.0,    38.7,    38.7,  0.00306,      READ,     43718,     212,     212,     212,     0.7,     0.5,     0.7,     6.6,    28.6,    28.6,  0.00306
1549566686,     WRITE,     43493,     234,     234,     234,     0.7,     0.4,     0.6,     4.3,    30.8,    30.8,  0.00304,      READ,     43983,     265,     265,     265,     0.7,     0.5,     0.7,     2.3,    34.3,    34.3,  0.00304
1549566687,     WRITE,     43776,     283,     283,     283,     0.5,     0.4,     0.6,     0.7,     4.4,     4.4,  0.00303,      READ,     44201,     218,     218,     218,     0.6,     0.5,     0.8,     1.5,     4.0,     4.0,  0.00303
1549566688,     WRITE,     44061,     285,     285,     285,     0.5,     0.4,     0.6,     2.7,     4.1,     4.1,  0.00301,      READ,     44416,     215,     215,     215,     0.6,     0.6,     0.8,     3.8,     5.0,     5.0,  0.00301
1549566689,     WRITE,     44322,     261,     261,     261,     0.5,     0.4,     0.6,     0.9,     3.0,     3.0,  0.00300,      READ,     44654,     238,     238,     238,     0.6,     0.6,     0.7,     4.3,     5.9,     5.9,  0.00300
1549566690,     WRITE,     44590,     268,     268,     268,     0.5,     0.4,     0.6,     3.0,     5.1,     5.1,  0.00298,      READ,     44887,     233,     233,     233,     0.6,     0.6,     0.8,     1.2,     5.0,     5.0,  0.00298
1549566691,     WRITE,     44849,     259,     259,     259,     0.5,     0.5,     0.7,     2.6,     5.2,     5.2,  0.00297,      READ,     45128,     241,     241,     241,     0.7,     0.6,     0.9,     4.6,     8.2,     8.2,  0.00297
1549566692,     WRITE,     45092,     243,     243,     243,     1.0,     0.5,     0.7,    30.3,    50.5,    50.5,  0.00296,      READ,     45385,     257,     257,     257,     1.1,     0.6,     1.1,     4.9,    54.3,    54.3,  0.00296
1549566693,     WRITE,     45348,     256,     256,     256,     0.5,     0.5,     0.6,     0.7,     1.7,     1.7,  0.00294,      READ,     45629,     244,     244,     244,     0.7,     0.6,     0.8,     4.6,     6.8,     6.8,  0.00294
1549566694,     WRITE,     45599,     251,     251,     251,     0.5,     0.5,     0.7,     1.7,     5.3,     5.3,  0.00293,      READ,     45878,     249,     249,     249,     0.6,     0.6,     0.8,     1.3,     2.0,     2.0,  0.00293
1549566695,     WRITE,     45864,     265,     265,     265,     0.5,     0.4,     0.6,     0.9,    29.9,    29.9,  0.00291,      READ,     46113,     235,     235,     235,     0.6,     0.6,     0.7,     0.8,     1.9,     1.9,  0.00291
1549566696,     WRITE,     46088,     224,     224,     224,     0.5,     0.4,     0.6,     3.7,     4.7,     4.7,  0.00290,      READ,     46389,     276,     276,     276,     0.6,     0.5,     0.7,     1.1,     4.3,     4.3,  0.00290
1549566697,     WRITE,     46361,     273,     273,     273,     0.4,     0.4,     0.5,     1.5,     4.9,     4.9,  0.00288,      READ,     46616,     227,     227,     227,     0.6,     0.5,     0.7,     1.8,     7.0,     7.0,  0.00288
1549566698,     WRITE,     46619,     258,     258,     258,     0.4,     0.4,     0.5,     0.7,     2.2,     2.2,  0.00287,      READ,     46858,     242,     242,     242,     0.5,     0.5,     0.7,     0.8,     2.2,     2.2,  0.00287
1549566699,     WRITE,     46860,     241,     241,     241,     1.0,     0.4,     0.7,    20.9,    40.9,    40.9,  0.00286,      READ,     47117,     259,     259,     259,     0.7,     0.5,     0.7,     1.2,    35.1,    35.1,  0.00286
1549566700,     WRITE,     47135,     275,     275,     275,     0.4,     0.4,     0.6,     0.8,     4.6,     4.6,  0.00284,      READ,     47342,     225,     225,     225,     0.5,     0.5,     0.8,     1.4,     2.0,     2.0,  0.00284
1549566701,     WRITE,     47383,     248,     248,     248,     0.5,     0.4,     0.6,     2.0,     7.6,     7.6,  0.00283,      READ,     47594,     252,     252,     252,     0.6,     0.5,     0.8,     1.5,     4.7,     4.7,  0.00283
1549566702,     WRITE,     47620,     237,     237,     237,     0.5,     0.4,     0.7,     1.9,     4.6,     4.6,  0.00282,      READ,     47856,     262,     262,     262,     0.6,     0.6,     0.9,     2.2,     6.1,     6.1,  0.00282
1549566703,     WRITE,     47892,     272,     272,     272,     1.6,     0.5,     1.9,    32.4,    63.3,    63.3,  0.00281,      READ,     48085,     229,     229,     229,     2.0,     0.6,     7.2,    42.9,    54.5,    54.5,  0.00281
1549566704,     WRITE,     48158,     266,     266,     266,     0.5,     0.5,     0.6,     2.4,     6.2,     6.2,  0.00280,      READ,     48319,     234,     234,     234,     0.6,     0.6,     0.8,     3.1,     6.7,     6.7,  0.00280
1549566705,     WRITE,     48389,     231,     231,     231,     0.9,     0.5,     0.7,    18.0,    36.0,    36.0,  0.00279,      READ,     48588,     269,     269,     269,     0.8,     0.6,     0.8,     5.8,    29.9,    29.9,  0.00279
1549566706,     WRITE,     48647,     258,     258,     258,     0.5,     0.5,     0.6,     3.2,     5.2,     5.2,  0.00277,      READ,     48830,     242,     242,     242,     0.7,     0.6,     0.8,     5.7,     6.8,     6.8,  0.00277
1549566707,     WRITE,     48935,     288,     288,     288,     0.5,     0.4,     0.6,     1.8,     3.3,     3.3,  0.00276,      READ,     49042,     212,     212,     212,     0.6,     0.6,     0.8,     0.9,     4.3,     4.3,  0.00276
1549566708,     WRITE,     49181,     246,     246,     246,     0.5,     0.4,     0.6,     1.2,     5.1,     5.1,  0.00275,      READ,     49296,     254,     254,     254,     0.6,     0.6,     0.7,     3.2,     5.9,     5.9,  0.00275
1549566709,     WRITE,     49452,     271,     271,     271,     0.5,     0.4,     0.6,     0.8,     3.0,     3.0,  0.00274,      READ,     49525,     229,     229,     229,     0.7,     0.6,     0.9,     4.4,     5.7,     5.7,  0.00274
1549566710,     WRITE,     49660,     208,     208,     208,     0.5,     0.4,     0.7,     1.3,     2.3,     2.3,  0.00272,      READ,     49817,     292,     292,     292,     0.6,     0.6,     0.8,     4.2,     4.7,     4.7,  0.00272
1549566711,     WRITE,     49876,     216,     216,     216,     0.5,     0.5,     0.6,     1.6,     4.4,     4.4,  0.00271,      READ,     50101,     284,     284,     284,     0.6,     0.6,     0.8,     2.2,     4.7,     4.7,  0.00271
1549566712,     WRITE,     50122,     246,     246,     246,     0.5,     0.4,     0.6,     0.9,     1.9,     1.9,  0.00270,      READ,     50354,     253,     253,     253,     0.7,     0.6,     0.9,     3.2,     5.5,     5.5,  0.00270
1549566713,     WRITE,     50386,     264,     264,     264,     0.7,     0.5,     0.6,     6.0,    26.7,    26.7,  0.00269,      READ,     50591,     237,     237,     237,     1.1,     0.6,     1.0,    16.7,    44.7,    44.7,  0.00269
1549566714,     WRITE,     50633,     247,     247,     247,     0.5,     0.5,     0.7,     3.0,     4.1,     4.1,  0.00268,      READ,     50844,     253,     253,     253,     0.6,     0.6,     0.8,     2.0,     6.7,     6.7,  0.00268
1549566715,     WRITE,     50901,     268,     268,     268,     0.5,     0.4,     0.6,     1.5,     4.8,     4.8,  0.00267,      READ,     51076,     232,     232,     232,     0.6,     0.6,     0.8,     1.8,     4.3,     4.3,  0.00267
1549566716,     WRITE,     51128,     227,     227,     227,     1.1,     0.4,     0.6,    28.5,    36.5,    36.5,  0.00266,      READ,     51349,     273,     273,     273,     0.6,     0.5,     0.8,     1.8,     4.3,     4.3,  0.00266
1549566717,     WRITE,     51346,     218,     218,     218,     0.5,     0.5,     0.6,     1.8,     4.5,     4.5,  0.00264,      READ,     51631,     282,     282,     282,     0.7,     0.6,     0.9,     4.7,     6.8,     6.8,  0.00264
1549566718,     WRITE,     51594,     248,     248,     248,     0.5,     0.5,     0.6,     2.5,     4.0,     4.0,  0.00263,      READ,     51883,     252,     252,     252,     0.7,     0.6,     0.9,     3.7,     6.6,     6.6,  0.00263
1549566719,     WRITE,     51881,     287,     287,     287,     0.5,     0.4,     0.6,     1.6,     5.0,     5.0,  0.00262,      READ,     52096,     213,     213,     213,     0.6,     0.6,     0.8,     2.3,     4.8,     4.8,  0.00262
1549566720,     WRITE,     52144,     263,     263,     263,     0.8,     0.5,     0.8,     3.8,    31.2,    31.2,  0.00261,      READ,     52333,     237,     237,     237,     1.3,     0.6,     0.8,    37.8,    51.2,    51.2,  0.00261
1549566721,     WRITE,     52376,     232,     232,     232,     0.5,     0.5,     0.7,     3.2,     3.6,     3.6,  0.00260,      READ,     52601,     268,     268,     268,     0.7,     0.6,     0.8,     1.2,     6.6,     6.6,  0.00260
1549566722,     WRITE,     52624,     248,     248,     248,     0.5,     0.4,     0.6,     0.8,     4.6,     4.6,  0.00259,      READ,     52853,     252,     252,     252,     0.7,     0.6,     0.9,     4.3,     8.3,     8.3,  0.00259
1549566723,     WRITE,     52905,     281,     281,     281,     0.5,     0.4,     0.6,     2.0,     3.8,     3.8,  0.00258,      READ,     53072,     219,     219,     219,     0.6,     0.6,     0.8,     1.2,     2.3,     2.3,  0.00258
1549566724,     WRITE,     53162,     257,     257,     257,     0.6,     0.4,     0.7,     1.6,    34.8,    34.8,  0.00257,      READ,     53315,     243,     243,     243,     1.0,     0.6,     0.8,    18.6,    32.6,    32.6,  0.00257
1549566725,     WRITE,     53449,     287,     287,     287,     0.5,     0.4,     0.6,     1.1,     1.9,     1.9,  0.00256,      READ,     53528,     213,     213,     213,     0.7,     0.5,     0.9,     4.0,     4.9,     4.9,  0.00256
1549566726,     WRITE,     53714,     265,     265,     265,     0.9,     0.4,     0.8,    14.5,    34.6,    34.6,  0.00255,      READ,     53763,     235,     235,     235,     1.7,     0.6,     2.0,    37.0,    63.2,    63.2,  0.00255
1549566727,     WRITE,     53976,     262,     262,     262,     0.5,     0.4,     0.6,     0.8,     4.2,     4.2,  0.00254,      READ,     54001,     238,     238,     238,     0.6,     0.6,     0.8,     2.4,     6.0,     6.0,  0.00254
1549566728,     WRITE,     54220,     244,     244,     244,     0.5,     0.4,     0.7,     3.1,     4.5,     4.5,  0.00253,      READ,     54257,     256,     256,     256,     0.6,     0.6,     0.7,     2.3,     6.6,     6.6,  0.00253
1549566729,     WRITE,     54477,     257,     257,     257,     0.5,     0.4,     0.6,     0.8,     1.7,     1.7,  0.00252,      READ,     54500,     243,     243,     243,     0.6,     0.6,     0.7,     1.1,     4.9,     4.9,  0.00252
1549566730,     WRITE,     54732,     255,     255,     255,     0.6,     0.4,     0.7,     4.5,     6.6,     6.6,  0.00251,      READ,     54745,     245,     245,     245,     0.6,     0.6,     0.9,     3.4,     6.7,     6.7,  0.00251
1549566731,     WRITE,     54966,     234,     234,     234,     0.5,     0.5,     0.7,     3.3,     8.3,     8.3,  0.00250,      READ,     55011,     266,     266,     266,     0.6,     0.6,     0.8,     1.3,     5.1,     5.1,  0.00250
1549566732,     WRITE,     55222,     256,     256,     256,     0.6,     0.4,     0.7,     4.2,     4.8,     4.8,  0.00249,      READ,     55255,     244,     244,     244,     0.6,     0.6,     0.8,     1.4,     4.8,     4.8,  0.00249
1549566733,     WRITE,     55474,     252,     252,     252,     0.7,     0.4,     0.6,     1.6,    35.8,    35.8,  0.00248,      READ,     55503,     248,     248,     248,     0.8,     0.6,     0.8,     2.3,    38.2,    38.2,  0.00248
1549566734,     WRITE,     55722,     248,     248,     248,     0.9,     0.4,     0.6,    16.0,    48.3,    48.3,  0.00247,      READ,     55755,     252,     252,     252,     1.0,     0.5,     0.8,     6.0,    54.0,    54.0,  0.00247
1549566735,     WRITE,     56017,     295,     295,     295,     0.4,     0.4,     0.5,     0.9,     3.4,     3.4,  0.00246,      READ,     55960,     205,     205,     205,     0.5,     0.5,     0.7,     1.2,     2.6,     2.6,  0.00246
1549566736,     WRITE,     56254,     237,     237,     237,     0.5,     0.5,     0.7,     4.2,     5.4,     5.4,  0.00246,      READ,     56223,     263,     263,     263,     0.7,     0.6,     0.8,     3.9,     6.0,     6.0,  0.00246
1549566737,     WRITE,     56489,     235,     235,     235,     1.3,     0.5,     0.7,    42.3,    58.4,    58.4,  0.00245,      READ,     56488,     265,     265,     265,     0.7,     0.6,     0.8,     3.9,    30.1,    30.1,  0.00245
1549566738,     WRITE,     56736,     247,     247,     247,     0.5,     0.4,     0.6,     0.9,     4.7,     4.7,  0.00244,      READ,     56741,     253,     253,     253,     0.6,     0.6,     0.8,     2.8,     6.3,     6.3,  0.00244
1549566739,     WRITE,     56953,     217,     217,     217,     0.5,     0.5,     0.6,     1.7,     5.3,     5.3,  0.00243,      READ,     57024,     283,     283,     283,     0.6,     0.6,     0.8,     2.4,     6.3,     6.3,  0.00243
1549566740,     WRITE,     57162,     209,     209,     209,     0.5,     0.5,     0.7,     4.0,     5.1,     5.1,  0.00242,      READ,     57315,     291,     291,     291,     0.6,     0.6,     0.8,     1.4,     2.3,     2.3,  0.00242
1549566741,     WRITE,     57446,     284,     284,     284,     0.5,     0.4,     0.6,     0.8,     2.6,     2.6,  0.00241,      READ,     57531,     216,     216,     216,     0.6,     0.6,     0.8,     1.6,     5.0,     5.0,  0.00241
1549566742,     WRITE,     57758,     312,     312,     312,     0.5,     0.4,     0.6,     0.9,     3.7,     3.7,  0.00240,      READ,     57719,     188,     188,     188,     0.6,     0.6,     0.8,     2.1,     3.7,     3.7,  0.00240
1549566743,     WRITE,     58037,     279,     279,     279,     0.6,     0.4,     0.7,     4.2,    25.4,    25.4,  0.00239,      READ,     57939,     220,     220,     220,     0.8,     0.6,     0.7,     9.5,    23.2,    23.2,  0.00239
1549566744,     WRITE,     58300,     263,     263,     263,     0.5,     0.4,     0.6,     3.6,     6.8,     6.8,  0.00238,      READ,     58177,     238,     238,     238,     0.6,     0.6,     0.8,     4.3,     4.6,     4.6,  0.00238
1549566745,     WRITE,     58559,     259,     259,     259,     0.5,     0.4,     0.6,     0.9,     3.7,     3.7,  0.00237,      READ,     58418,     241,     241,     241,     0.6,     0.6,     0.9,     1.9,     4.4,     4.4,  0.00237
1549566746,     WRITE,     58832,     273,     273,     273,     0.6,     0.5,     0.7,     3.0,     6.7,     6.7,  0.00237,      READ,     58645,     227,     227,     227,     0.6,     0.6,     0.9,     1.1,     1.7,     1.7,  0.00237
1549566747,     WRITE,     59055,     223,     223,     223,     0.5,     0.5,     0.7,     2.0,     6.2,     6.2,  0.00236,      READ,     58922,     277,     277,     277,     0.6,     0.6,     0.9,     2.2,     4.7,     4.7,  0.00236
1549566748,     WRITE,     59304,     249,     249,     249,     0.5,     0.4,     0.6,     3.8,     5.0,     5.0,  0.00235,      READ,     59173,     251,     251,     251,     0.6,     0.6,     0.8,     1.0,     4.0,     4.0,  0.00235
1549566749,     WRITE,     59553,     249,     249,     249,     0.8,     0.4,     0.7,     4.2,    52.8,    52.8,  0.00234,      READ,     59424,     251,     251,     251,     1.0,     0.6,     0.9,     5.0,    46.7,    46.7,  0.00234
1549566750,     WRITE,     59820,     267,     267,     267,     0.8,     0.4,     0.7,     4.6,    29.1,    29.1,  0.00233,      READ,     59657,     233,     233,     233,     0.8,     0.6,     0.8,     2.3,    35.4,    35.4,  0.00233
1549566751,     WRITE,     60035,     215,     215,     215,     0.5,     0.4,     0.6,     0.8,     4.5,     4.5,  0.00232,      READ,     59942,     285,     285,     285,     0.6,     0.6,     0.8,     2.2,     4.0,     4.0,  0.00232
1549566752,     WRITE,     60278,     243,     243,     243,     0.5,     0.5,     0.6,     2.2,     4.6,     4.6,  0.00232,      READ,     60199,     257,     257,     257,     0.6,     0.6,     0.7,     0.9,     2.4,     2.4,  0.00232
1549566753,     WRITE,     60540,     262,     262,     262,     0.5,     0.4,     0.6,     0.8,     4.0,     4.0,  0.00231,      READ,     60437,     238,     238,     238,     0.6,     0.6,     0.7,     0.8,     2.1,     2.1,  0.00231
1549566754,     WRITE,     60806,     266,     266,     266,     0.9,     0.4,     0.7,    13.4,    50.4,    50.4,  0.00230,      READ,     60671,     234,     234,     234,     1.7,     0.6,     1.1,    48.3,    54.5,    54.5,  0.00230
1549566755,     WRITE,     61084,     278,     278,     278,     0.7,     0.4,     0.6,     4.5,    28.5,    28.5,  0.00230,      READ,     60893,     222,     222,     222,     1.0,     0.6,     1.1,     5.9,    46.3,    46.3,  0.00230
1549566756,     WRITE,     61314,     230,     230,     230,     0.6,     0.5,     1.0,     4.1,     6.7,     6.7,  0.00229,      READ,     61163,     270,     270,     270,     0.6,     0.6,     0.8,     1.0,     4.6,     4.6,  0.00229
1549566757,     WRITE,     61542,     228,     228,     228,     0.5,     0.4,     0.7,     2.0,     4.1,     4.1,  0.00228,      READ,     61435,     272,     272,     272,     0.6,     0.6,     0.8,     2.7,     5.8,     5.8,  0.00228
1549566758,     WRITE,     61777,     235,     235,     235,     0.5,     0.5,     0.6,     0.7,     3.1,     3.1,  0.00227,      READ,     61700,     265,     265,     265,     0.6,     0.6,     0.8,     1.8,     5.1,     5.1,  0.00227
1549566759,     WRITE,     62034,     257,     257,     257,     0.5,     0.4,     0.7,     2.0,     5.7,     5.7,  0.00226,      READ,     61943,     243,     243,     243,     0.6,     0.6,     0.7,     1.2,     4.1,     4.1,  0.00226
1549566760,     WRITE,     62236,     202,     202,     202,     0.5,     0.4,     0.6,     1.5,     3.4,     3.4,  0.00225,      READ,     62241,     298,     298,     298,     0.6,     0.6,     0.7,     1.7,     5.0,     5.0,  0.00225
1549566761,     WRITE,     62448,     212,     212,     212,     0.5,     0.4,     0.6,     2.1,     6.3,     6.3,  0.00225,      READ,     62529,     288,     288,     288,     0.6,     0.6,     0.8,     2.6,     6.6,     6.6,  0.00225
1549566762,     WRITE,     62672,     224,     224,     224,     0.6,     0.4,     0.7,     4.4,     5.4,     5.4,  0.00224,      READ,     62805,     276,     276,     276,     0.7,     0.6,     1.1,     5.5,     6.9,     6.9,  0.00224
1549566763,     WRITE,     62943,     271,     271,     271,     0.5,     0.4,     0.6,     2.5,     5.4,     5.4,  0.00223,      READ,     63034,     229,     229,     229,     0.7,     0.6,     0.9,     4.2,     6.6,     6.6,  0.00223
1549566764,     WRITE,     63184,     241,     241,     241,     0.5,     0.5,     0.7,     4.5,     8.6,     8.6,  0.00222,      READ,     63293,     259,     259,     259,     0.7,     0.6,     0.9,     2.8,     6.1,     6.1,  0.00222
1549566765,     WRITE,     63461,     277,     277,     277,     0.5,     0.4,     0.6,     2.5,     4.3,     4.3,  0.00221,      READ,     63516,     223,     223,     223,     0.6,     0.6,     0.8,     1.9,     5.5,     5.5,  0.00221
1549566766,     WRITE,     63740,     279,     279,     279,     0.5,     0.4,     0.6,     0.9,     3.7,     3.7,  0.00221,      READ,     63737,     221,     221,     221,     0.7,     0.6,     0.8,     3.1,     6.3,     6.3,  0.00221
1549566767,     WRITE,     63956,     216,     216,     216,     0.5,     0.4,     0.6,     1.0,     6.3,     6.3,  0.00220,      READ,     64021,     284,     284,     284,     0.7,     0.6,     0.8,     4.4,    12.4,    12.4,  0.00220
1549566768,     WRITE,     64204,     248,     248,     248,     0.5,     0.4,     0.6,     3.6,     4.7,     4.7,  0.00219,      READ,     64273,     252,     252,     252,     0.6,     0.6,     0.7,     1.1,     4.2,     4.2,  0.00219
1549566769,     WRITE,     64465,     261,     261,     261,     0.5,     0.4,     0.6,     1.0,     4.5,     4.5,  0.00218,      READ,     64512,     239,     239,     239,     0.7,     0.6,     0.8,     4.2,     6.6,     6.6,  0.00218
1549566770,     WRITE,     64711,     246,     246,     246,     0.5,     0.4,     0.7,     4.8,     6.4,     6.4,  0.00218,      READ,     64766,     254,     254,     254,     0.6,     0.6,     0.8,     1.8,     6.6,     6.6,  0.00218
1549566771,     WRITE,     64919,     208,     208,     208,     0.5,     0.5,     0.7,     2.3,     6.2,     6.2,  0.00217,      READ,     65058,     292,     292,     292,     1.5,     0.6,     1.6,    32.0,    58.6,    58.6,  0.00217
1549566772,     WRITE,     65151,     232,     232,     232,     0.5,     0.4,     0.6,     0.7,     0.7,     0.7,  0.00217,      READ,     65326,     268,     268,     268,     0.6,     0.6,     0.8,     1.2,     2.5,     2.5,  0.00217
1549566773,     WRITE,     65436,     285,     285,     285,     0.5,     0.4,     0.6,     0.8,     2.7,     2.7,  0.00216,      READ,     65541,     215,     215,     215,     0.6,     0.5,     0.8,     1.3,     5.8,     5.8,  0.00216
1549566774,     WRITE,     65657,     221,     221,     221,     0.5,     0.4,     0.6,     2.6,     4.3,     4.3,  0.00215,      READ,     65820,     279,     279,     279,     0.6,     0.5,     0.8,     0.9,     1.2,     1.2,  0.00215
1549566775,     WRITE,     65906,     249,     249,     249,     0.5,     0.4,     0.7,     3.8,     7.6,     7.6,  0.00214,      READ,     66071,     251,     251,     251,     0.6,     0.5,     0.7,     1.5,     4.9,     4.9,  0.00214
1549566776,     WRITE,     66173,     267,     267,     267,     0.5,     0.4,     0.6,     2.2,    17.7,    17.7,  0.00214,      READ,     66304,     233,     233,     233,     0.8,     0.5,     0.8,     4.5,    23.5,    23.5,  0.00214
1549566777,     WRITE,     66370,     197,     197,     197,     0.5,     0.4,     0.6,     0.7,     1.8,     1.8,  0.00213,      READ,     66607,     303,     303,     303,     0.6,     0.5,     0.7,     2.7,     6.3,     6.3,  0.00213
1549566778,     WRITE,     66628,     258,     258,     258,     0.5,     0.4,     0.6,     1.3,     5.3,     5.3,  0.00212,      READ,     66849,     242,     242,     242,     0.6,     0.5,     0.8,     3.0,     6.4,     6.4,  0.00212
1549566779,     WRITE,     66848,     220,     220,     220,     0.5,     0.4,     0.7,     1.9,     5.2,     5.2,  0.00211,      READ,     67129,     280,     280,     280,     0.6,     0.5,     0.8,     2.3,     7.8,     7.8,  0.00211
1549566780,     WRITE,     67099,     251,     251,     251,     0.5,     0.4,     0.6,     1.4,     4.5,     4.5,  0.00211,      READ,     67378,     249,     249,     249,     0.6,     0.6,     0.8,     1.2,     4.9,     4.9,  0.00211
1549566781,     WRITE,     67377,     278,     278,     278,     0.5,     0.4,     0.6,     1.1,     5.1,     5.1,  0.00210,      READ,     67600,     222,     222,     222,     0.7,     0.6,     0.8,     3.4,     6.9,     6.9,  0.00210
1549566782,     WRITE,     67659,     282,     282,     282,     0.5,     0.5,     0.7,     2.3,     4.0,     4.0,  0.00209,      READ,     67818,     218,     218,     218,     0.6,     0.6,     0.8,     1.0,     1.9,     1.9,  0.00209
1549566783,     WRITE,     67903,     244,     244,     244,     0.6,     0.4,     0.6,     2.5,    27.9,    27.9,  0.00209,      READ,     68074,     256,     256,     256,     0.7,     0.5,     0.8,     4.0,     9.8,     9.8,  0.00209
1549566784,     WRITE,     68172,     269,     269,     269,     0.6,     0.4,     0.6,     0.9,    32.8,    32.8,  0.00208,      READ,     68305,     231,     231,     231,     0.8,     0.5,     0.8,     6.0,    44.4,    44.4,  0.00208
1549566785,     WRITE,     68412,     240,     240,     240,     0.8,     0.4,     0.6,     4.5,    42.4,    42.4,  0.00207,      READ,     68565,     260,     260,     260,     1.0,     0.6,     0.9,     8.0,    45.2,    45.2,  0.00207
1549566786,     WRITE,     68635,     223,     223,     223,     0.5,     0.4,     0.6,     0.9,     4.3,     4.3,  0.00207,      READ,     68842,     277,     277,     277,     0.6,     0.5,     0.8,     2.1,     4.0,     4.0,  0.00207
1549566787,     WRITE,     68859,     224,     224,     224,     0.5,     0.5,     0.6,     0.9,     6.4,     6.4,  0.00206,      READ,     69118,     276,     276,     276,     0.6,     0.6,     0.8,     2.3,     6.4,     6.4,  0.00206
1549566788,     WRITE,     69135,     276,     276,     276,     0.5,     0.4,     0.6,     0.9,     5.9,     5.9,  0.00205,      READ,     69342,     224,     224,     224,     0.6,     0.6,     0.8,     1.1,     2.5,     2.5,  0.00205
1549566789,     WRITE,     69368,     233,     233,     233,     0.5,     0.4,     0.6,     1.8,     3.7,     3.7,  0.00205,      READ,     69609,     267,     267,     267,     0.6,     0.6,     0.8,     3.1,     5.3,     5.3,  0.00205
1549566790,     WRITE,     69629,     261,     261,     261,     0.5,     0.4,     0.6,     1.6,     5.0,     5.0,  0.00204,      READ,     69848,     239,     239,     239,     0.6,     0.6,     0.7,     0.9,     1.3,     1.3,  0.00204
1549566791,     WRITE,     69873,     244,     244,     244,     0.5,     0.4,     0.6,     2.3,     3.5,     3.5,  0.00204,      READ,     70104,     256,     256,     256,     0.6,     0.6,     0.7,     0.9,     1.0,     1.0,  0.00204
1549566792,     WRITE,     70101,     228,     228,     228,     0.5,     0.4,     0.6,     1.0,     6.2,     6.2,  0.00203,      READ,     70376,     272,     272,     272,     0.6,     0.6,     0.8,     1.2,     4.3,     4.3,  0.00203
1549566793,     WRITE,     70369,     268,     268,     268,     0.4,     0.4,     0.6,     0.7,     2.3,     2.3,  0.00202,      READ,     70608,     232,     232,     232,     0.5,     0.5,     0.7,     0.9,     1.0,     1.0,  0.00202
1549566794,     WRITE,     70628,     259,     259,     259,     0.7,     0.4,     0.6,     1.1,    47.4,    47.4,  0.00202,      READ,     70849,     241,     241,     241,     1.3,     0.5,     0.8,    45.2,    53.3,    53.3,  0.00202
1549566795,     WRITE,     70880,     252,     252,     252,     0.4,     0.4,     0.6,     0.8,     4.4,     4.4,  0.00201,      READ,     71097,     248,     248,     248,     0.6,     0.5,     0.8,     2.3,     3.8,     3.8,  0.00201
1549566796,     WRITE,     71114,     234,     234,     234,     0.4,     0.4,     0.6,     0.8,     2.8,     2.8,  0.00201,      READ,     71363,     266,     266,     266,     0.6,     0.5,     0.8,     2.1,     6.3,     6.3,  0.00201
1549566797,     WRITE,     71380,     266,     266,     266,     0.7,     0.4,     0.7,     2.8,    47.6,    47.6,  0.00200,      READ,     71597,     234,     234,     234,     1.0,     0.6,     0.9,     5.8,    45.3,    45.3,  0.00200
1549566798,     WRITE,     71645,     265,     265,     265,     0.5,     0.4,     0.6,     2.0,     6.0,     6.0,  0.00200,      READ,     71832,     235,     235,     235,     0.6,     0.6,     0.8,     1.7,     2.4,     2.4,  0.00200
1549566799,     WRITE,     71894,     249,     249,     249,     0.5,     0.4,     0.7,     3.0,     4.5,     4.5,  0.00199,      READ,     72083,     251,     251,     251,     0.6,     0.6,     0.8,     1.7,     6.4,     6.4,  0.00199
1549566800,     WRITE,     72122,     228,     228,     228,     1.1,     0.5,     0.8,    22.6,    40.8,    40.8,  0.00199,      READ,     72355,     272,     272,     272,     1.4,     0.6,     2.0,    18.6,    59.0,    59.0,  0.00199
1549566801,     WRITE,     72367,     245,     245,     245,     0.5,     0.5,     0.7,     2.9,    10.0,    10.0,  0.00198,      READ,     72610,     255,     255,     255,     0.6,     0.6,     0.7,     0.9,     6.4,     6.4,  0.00198
1549566802,     WRITE,     72579,     212,     212,     212,     0.9,     0.4,     0.7,    25.7,    29.3,    29.3,  0.00197,      READ,     72898,     288,     288,     288,     0.8,     0.6,     0.9,     6.3,    33.6,    33.6,  0.00197
1549566803,     WRITE,     72861,     282,     282,     282,     0.5,     0.4,     0.6,     0.8,     2.4,     2.4,  0.00197,      READ,     73116,     218,     218,     218,     0.6,     0.6,     0.8,     1.2,     4.3,     4.3,  0.00197
1549566804,     WRITE,     73170,     309,     309,     309,     0.5,     0.4,     0.6,     3.3,     4.6,     4.6,  0.00196,      READ,     73307,     191,     191,     191,     0.6,     0.6,     0.8,     1.4,     4.6,     4.6,  0.00196
1549566805,     WRITE,     73412,     242,     242,     242,     0.5,     0.4,     0.6,     1.9,     4.3,     4.3,  0.00196,      READ,     73564,     257,     257,     257,     0.6,     0.6,     0.7,     1.7,     3.4,     3.4,  0.00196
1549566806,     WRITE,     73672,     260,     260,     260,     0.5,     0.4,     0.6,     3.5,     4.6,     4.6,  0.00195,      READ,     73805,     241,     241,     241,     0.6,     0.6,     0.7,     0.8,     4.5,     4.5,  0.00195
1549566807,     WRITE,     73942,     270,     270,     270,     0.5,     0.4,     0.7,     3.2,     6.5,     6.5,  0.00195,      READ,     74035,     230,     230,     230,     0.6,     0.6,     0.8,     1.1,     2.6,     2.6,  0.00195
1549566808,     WRITE,     74174,     232,     232,     232,     0.6,     0.5,     0.8,     5.1,     5.5,     5.5,  0.00194,      READ,     74303,     268,     268,     268,     0.6,     0.6,     0.9,     1.1,     2.3,     2.3,  0.00194
1549566809,     WRITE,     74414,     240,     240,     240,     0.6,     0.5,     0.7,     5.0,     7.4,     7.4,  0.00193,      READ,     74563,     260,     260,     260,     0.6,     0.6,     0.9,     2.1,     6.4,     6.4,  0.00193
1549566810,     WRITE,     74675,     261,     261,     261,     0.5,     0.4,     0.7,     1.8,     2.7,     2.7,  0.00193,      READ,     74802,     239,     239,     239,     0.6,     0.6,     0.8,     1.1,     3.8,     3.8,  0.00193
1549566811,     WRITE,     74936,     261,     261,     261,     0.5,     0.4,     0.6,     1.7,     3.8,     3.8,  0.00192,      READ,     75041,     239,     239,     239,     0.6,     0.6,     0.7,     1.0,     1.2,     1.2,  0.00192
1549566811,     WRITE,     74953,     261,     261,     261,     0.5,     0.4,     0.6,     1.7,     1.7,     1.7,  0.00192,      READ,     75057,     246,     246,     246,     0.6,     0.6,     0.7,     0.8,     0.8,     0.8,  0.00192


Results:
Op rate                   :      500 op/s  [READ: 250 op/s, WRITE: 250 op/s]
Partition rate            :      500 pk/s  [READ: 250 pk/s, WRITE: 250 pk/s]
Row rate                  :      500 row/s [READ: 250 row/s, WRITE: 250 row/s]
Latency mean              :    0.9 ms [READ: 0.9 ms, WRITE: 0.8 ms]
Latency median            :    0.5 ms [READ: 0.6 ms, WRITE: 0.4 ms]
Latency 95th percentile   :    0.8 ms [READ: 0.9 ms, WRITE: 0.7 ms]
Latency 99th percentile   :    4.6 ms [READ: 4.9 ms, WRITE: 4.4 ms]
Latency 99.9th percentile :   77.0 ms [READ: 70.1 ms, WRITE: 85.6 ms]
Latency max               :  235.9 ms [READ: 232.8 ms, WRITE: 235.9 ms]
Total partitions          :    150,010 [READ: 75,057, WRITE: 74,953]
Total errors              :          0 [READ: 0, WRITE: 0]
Total GC count            : 0
Total GC memory           : 0.000 KiB
Total GC time             :    0.0 seconds
Avg GC time               :    NaN ms
StdDev GC time            :    0.0 ms
Total operation time      : 00:05:00

END
