******************** Stress Settings ********************
Command:
  Type: mixed
  Count: -1
  Duration: 5 MINUTES
  No Warmup: false
  Consistency Level: LOCAL_ONE
  Target Uncertainty: not applicable
  Key Size (bytes): 10
  Counter Increment Distibution: add=fixed(1)
  Command Ratios: {WRITE=1.0, READ=1.0}
  Command Clustering Distribution: clustering=GAUSSIAN(1..10)
Rate:
  Auto: false
  Thread Count: 100
  OpsPer Sec: 500
Population:
  Distribution: Gaussian:  min=1,max=1000000,mean=500000.500000,stdev=166666.500000
  Order: ARBITRARY
  Wrap: false
Insert:
  Revisits: Uniform:  min=1,max=1000000
  Visits: Fixed:  key=1
  Row Population Ratio: Ratio: divisor=1.000000;delegate=Fixed:  key=1
  Batch Type: not batching
Columns:
  Max Columns Per Key: 5
  Column Names: [C0, C1, C2, C3, C4]
  Comparator: AsciiType
  Timestamp: null
  Variable Column Count: false
  Slice: false
  Size Distribution: Fixed:  key=34
  Count Distribution: Fixed:  key=5
Errors:
  Ignore: false
  Tries: 10
Log:
  No Summary: false
  No Settings: false
  File: thread100fixed500.log
  Interval Millis: 1000
  Level: NORMAL
Mode:
  API: JAVA_DRIVER_NATIVE
  Connection Style: CQL_PREPARED
  CQL Version: CQL3
  Protocol Version: V4
  Username: null
  Password: null
  Auth Provide Class: null
  Max Pending Per Connection: 128
  Connections Per Host: 8
  Compression: NONE
Node:
  Nodes: [192.168.0.109]
  Is White List: false
  Datacenter: null
  Allow server port discovery: false
Schema:
  Keyspace: keyspace1
  Replication Strategy: org.apache.cassandra.locator.SimpleStrategy
  Replication Strategy Options: {replication_factor=1}
  Table Compression: null
  Table Compaction Strategy: null
  Table Compaction Strategy Options: {}
Transport:
  truststore=null; truststore-password=null; keystore=null; keystore-password=null; ssl-protocol=TLS; ssl-alg=null; ssl-ciphers=TLS_RSA_WITH_AES_128_CBC_SHA,TLS_RSA_WITH_AES_256_CBC_SHA; 
Port:
  Native Port: 9042
  JMX Port: 7199
Send To Daemon:
  *not set*
Graph:
  File: null
  Revision: unknown
  Title: null
  Operation: MIXED
TokenRange:
  Wrap: false
  Split Factor: 1

Sleeping 2s...
Warming up WRITE with 0 iterations...
Warming up READ with 0 iterations...
Running [WRITE, READ] with 100 threads 5 minutes
      time,    R type,R totalops,  R op/s,  R pk/s, R row/s,  R mean,   R med,   R .95,   R .99,  R .999,   R max, R stderr,    W type,W totalops,  W op/s,  W pk/s, W row/s,  W mean,   W med,   W .95,   W .99,  W .999,   W max, W stderr
1549566961,     WRITE,       168,     168,     168,     168,    16.0,     1.1,   102.6,   168.6,   181.0,   181.0,  0.00000,      READ,       245,     245,     245,     245,    21.1,     1.2,   119.3,   169.1,   184.8,   184.8,  0.00000
1549566962,     WRITE,       391,     223,     223,     223,    12.4,     0.8,   106.9,   137.2,   192.8,   192.8,  0.07153,      READ,       523,     278,     278,     278,     9.8,     0.9,    76.3,   106.6,   152.7,   152.7,  0.07153
1549566963,     WRITE,       655,     264,     264,     264,     0.8,     0.6,     1.4,     5.6,     6.8,     6.8,  0.05792,      READ,       759,     236,     236,     236,     0.9,     0.8,     1.9,     4.5,     5.2,     5.2,  0.05792
1549566964,     WRITE,       940,     285,     285,     285,     1.6,     0.6,     4.7,    30.8,    46.9,    46.9,  0.04448,      READ,       974,     215,     215,     215,     1.9,     0.7,     5.6,    35.9,    41.0,    41.0,  0.04448
1549566965,     WRITE,      1208,     268,     268,     268,     0.7,     0.5,     1.5,     4.4,     7.5,     7.5,  0.03792,      READ,      1206,     232,     232,     232,     0.9,     0.7,     1.3,     6.4,     7.7,     7.7,  0.03792
1549566966,     WRITE,      1437,     229,     229,     229,     0.6,     0.5,     0.8,     3.9,     4.4,     4.4,  0.03277,      READ,      1477,     271,     271,     271,     0.8,     0.7,     1.1,     4.4,    10.5,    10.5,  0.03277
1549566967,     WRITE,      1691,     254,     254,     254,     0.6,     0.5,     0.7,     2.2,     7.0,     7.0,  0.02891,      READ,      1723,     246,     246,     246,     0.7,     0.7,     0.9,     2.3,     5.1,     5.1,  0.02891
1549566968,     WRITE,      1956,     265,     265,     265,     0.6,     0.5,     0.8,     3.9,     6.3,     6.3,  0.02587,      READ,      1956,     233,     233,     233,     0.9,     0.7,     2.2,     5.5,     9.5,     9.5,  0.02587
1549566969,     WRITE,      2196,     240,     240,     240,     0.8,     0.5,     1.0,     8.2,    13.6,    13.6,  0.02319,      READ,      2218,     262,     262,     262,     0.9,     0.7,     1.6,     6.9,    11.3,    11.3,  0.02319
1549566970,     WRITE,      2413,     217,     217,     217,     0.7,     0.5,     2.0,     6.3,     6.4,     6.4,  0.02116,      READ,      2501,     283,     283,     283,     0.7,     0.7,     1.0,     4.1,     5.3,     5.3,  0.02116
1549566971,     WRITE,      2653,     240,     240,     240,     0.6,     0.5,     0.8,     4.3,     6.3,     6.3,  0.01941,      READ,      2761,     260,     260,     260,     0.9,     0.7,     1.5,     7.3,    10.3,    10.3,  0.01941
1549566972,     WRITE,      2900,     247,     247,     247,     0.6,     0.5,     0.7,     3.0,     7.4,     7.4,  0.01795,      READ,      3014,     253,     253,     253,     0.8,     0.6,     0.9,     5.7,     7.3,     7.3,  0.01795
1549566973,     WRITE,      3159,     259,     259,     259,     0.6,     0.5,     0.8,     4.3,     8.0,     8.0,  0.01668,      READ,      3255,     241,     241,     241,     0.7,     0.6,     1.0,     2.7,     4.6,     4.6,  0.01668
1549566974,     WRITE,      3425,     266,     266,     266,     0.6,     0.5,     0.7,     2.4,     7.4,     7.4,  0.01559,      READ,      3489,     234,     234,     234,     0.8,     0.6,     1.6,     4.9,     6.2,     6.2,  0.01559
1549566975,     WRITE,      3682,     257,     257,     257,     0.6,     0.5,     0.7,     2.4,     4.3,     4.3,  0.01465,      READ,      3732,     243,     243,     243,     0.7,     0.6,     1.0,     2.2,     4.6,     4.6,  0.01465
1549566976,     WRITE,      3952,     270,     270,     270,     1.2,     0.5,     1.6,    11.4,    59.4,    59.4,  0.01387,      READ,      3962,     230,     230,     230,     1.0,     0.6,     2.0,     6.3,    43.5,    43.5,  0.01387
1549566977,     WRITE,      4217,     265,     265,     265,     0.8,     0.5,     0.7,     6.0,    29.8,    29.8,  0.01305,      READ,      4197,     235,     235,     235,     0.9,     0.6,     1.0,    18.4,    31.7,    31.7,  0.01305
1549566978,     WRITE,      4445,     228,     228,     228,     0.6,     0.5,     0.7,     5.8,     8.9,     8.9,  0.01239,      READ,      4469,     272,     272,     272,     0.8,     0.6,     1.7,     5.1,     7.3,     7.3,  0.01239
1549566979,     WRITE,      4674,     229,     229,     229,     0.9,     0.5,     1.1,     7.3,    51.5,    51.5,  0.01188,      READ,      4740,     271,     271,     271,     1.4,     0.6,     1.2,     7.1,    64.3,    64.3,  0.01188
1549566980,     WRITE,      4912,     238,     238,     238,     1.0,     0.5,     0.8,    26.8,    50.8,    50.8,  0.01134,      READ,      5002,     262,     262,     262,     1.0,     0.6,     1.0,     5.6,    53.5,    53.5,  0.01134
1549566981,     WRITE,      5149,     237,     237,     237,     0.5,     0.5,     0.7,     2.2,     2.3,     2.3,  0.01087,      READ,      5265,     263,     263,     263,     0.7,     0.6,     0.9,     3.7,     6.8,     6.8,  0.01087
1549566982,     WRITE,      5401,     252,     252,     252,     0.8,     0.5,     0.7,     2.3,    59.5,    59.5,  0.01050,      READ,      5513,     248,     248,     248,     0.9,     0.6,     0.8,     3.1,    65.3,    65.3,  0.01050
1549566983,     WRITE,      5642,     241,     241,     241,     0.5,     0.5,     0.7,     1.9,     7.2,     7.2,  0.01010,      READ,      5772,     259,     259,     259,     0.6,     0.6,     0.9,     2.3,     5.2,     5.2,  0.01010
1549566984,     WRITE,      5881,     239,     239,     239,     0.5,     0.4,     0.6,     1.8,     4.5,     4.5,  0.00975,      READ,      6033,     261,     261,     261,     0.6,     0.6,     0.8,     1.9,     5.4,     5.4,  0.00975
1549566985,     WRITE,      6151,     270,     270,     270,     0.5,     0.4,     0.6,     1.1,     4.8,     4.8,  0.00941,      READ,      6263,     230,     230,     230,     0.6,     0.5,     0.8,     2.4,     4.9,     4.9,  0.00941
1549566986,     WRITE,      6408,     257,     257,     257,     0.4,     0.4,     0.5,     0.6,     3.5,     3.5,  0.00910,      READ,      6506,     243,     243,     243,     0.6,     0.5,     0.7,     1.9,     6.4,     6.4,  0.00910
1549566987,     WRITE,      6673,     265,     265,     265,     0.4,     0.4,     0.6,     2.2,     3.7,     3.7,  0.00881,      READ,      6741,     235,     235,     235,     0.5,     0.5,     0.7,     0.9,     3.3,     3.3,  0.00881
1549566988,     WRITE,      6915,     242,     242,     242,     0.5,     0.4,     0.7,     2.9,     4.3,     4.3,  0.00853,      READ,      6999,     258,     258,     258,     0.7,     0.6,     1.0,     4.7,     6.8,     6.8,  0.00853
1549566989,     WRITE,      7149,     234,     234,     234,     0.7,     0.5,     2.3,     4.9,     6.6,     6.6,  0.00827,      READ,      7265,     266,     266,     266,     0.7,     0.6,     1.0,     2.6,     4.4,     4.4,  0.00827
1549566990,     WRITE,      7425,     276,     276,     276,     0.6,     0.5,     0.7,     5.3,     7.1,     7.1,  0.00802,      READ,      7489,     224,     224,     224,     0.7,     0.6,     0.9,     4.0,     5.8,     5.8,  0.00802
1549566991,     WRITE,      7699,     274,     274,     274,     0.6,     0.5,     0.7,     1.6,     5.1,     5.1,  0.00778,      READ,      7715,     226,     226,     226,     0.8,     0.6,     1.0,     6.2,    11.2,    11.2,  0.00778
1549566992,     WRITE,      8003,     304,     304,     304,     0.6,     0.5,     0.8,     3.1,     6.9,     6.9,  0.00756,      READ,      7911,     196,     196,     196,     0.7,     0.6,     0.8,     5.4,     6.7,     6.7,  0.00756
1549566993,     WRITE,      8278,     275,     275,     275,     0.6,     0.5,     0.6,     3.3,     7.3,     7.3,  0.00736,      READ,      8134,     223,     223,     223,     0.7,     0.6,     0.9,     2.7,     6.1,     6.1,  0.00736
1549566994,     WRITE,      8519,     241,     241,     241,     1.0,     0.5,     1.3,    21.4,    35.5,    35.5,  0.00725,      READ,      8395,     261,     261,     261,     1.6,     0.6,     2.0,    39.3,    60.3,    60.3,  0.00725
1549566995,     WRITE,      8717,     198,     198,     198,     0.6,     0.5,     0.8,     5.4,     6.9,     6.9,  0.00706,      READ,      8697,     302,     302,     302,     0.6,     0.6,     0.8,     1.1,     1.8,     1.8,  0.00706
1549566996,     WRITE,      8961,     244,     244,     244,     0.6,     0.4,     0.6,     4.0,     6.9,     6.9,  0.00688,      READ,      8953,     256,     256,     256,     0.7,     0.6,     0.8,     2.4,     5.6,     5.6,  0.00688
1549566997,     WRITE,      9180,     219,     219,     219,     0.5,     0.4,     0.7,     2.4,     3.4,     3.4,  0.00672,      READ,      9234,     281,     281,     281,     0.6,     0.6,     0.9,     1.5,     5.5,     5.5,  0.00672
1549566998,     WRITE,      9425,     245,     245,     245,     0.6,     0.5,     0.6,     4.2,     6.9,     6.9,  0.00656,      READ,      9489,     255,     255,     255,     0.7,     0.6,     0.9,     4.6,     6.5,     6.5,  0.00656
1549566999,     WRITE,      9655,     230,     230,     230,     0.5,     0.5,     0.7,     4.6,     6.3,     6.3,  0.00640,      READ,      9759,     270,     270,     270,     0.7,     0.6,     0.8,     3.5,     6.2,     6.2,  0.00640
1549567000,     WRITE,      9915,     260,     260,     260,     0.6,     0.5,     0.7,     3.4,    25.1,    25.1,  0.00630,      READ,      9999,     240,     240,     240,     1.0,     0.6,     0.8,     5.1,    55.5,    55.5,  0.00630
1549567001,     WRITE,     10188,     273,     273,     273,     0.5,     0.4,     0.6,     1.9,     4.9,     4.9,  0.00616,      READ,     10226,     227,     227,     227,     0.6,     0.6,     0.8,     1.4,     3.6,     3.6,  0.00616
1549567002,     WRITE,     10469,     281,     281,     281,     1.0,     0.4,     0.6,    28.7,    42.6,    42.6,  0.00608,      READ,     10445,     219,     219,     219,     1.5,     0.6,     2.9,    34.8,    59.0,    59.0,  0.00608
1549567003,     WRITE,     10728,     259,     259,     259,     0.7,     0.4,     1.3,     6.3,     9.3,     9.3,  0.00595,      READ,     10686,     241,     241,     241,     0.8,     0.6,     0.9,     8.0,    13.0,    13.0,  0.00595
1549567004,     WRITE,     10951,     223,     223,     223,     0.6,     0.5,     0.7,     3.6,     4.8,     4.8,  0.00582,      READ,     10963,     277,     277,     277,     0.7,     0.6,     0.8,     3.2,     7.0,     7.0,  0.00582
1549567005,     WRITE,     11156,     205,     205,     205,     0.5,     0.5,     0.7,     2.3,     4.6,     4.6,  0.00571,      READ,     11258,     295,     295,     295,     0.6,     0.6,     0.7,     1.6,     3.9,     3.9,  0.00571
1549567006,     WRITE,     11391,     235,     235,     235,     0.5,     0.4,     0.6,     2.3,     4.4,     4.4,  0.00560,      READ,     11523,     265,     265,     265,     0.6,     0.6,     0.9,     1.4,     3.8,     3.8,  0.00560
1549567007,     WRITE,     11669,     278,     278,     278,     0.5,     0.4,     0.6,     1.6,     5.2,     5.2,  0.00550,      READ,     11745,     222,     222,     222,     0.6,     0.6,     0.8,     2.0,     5.1,     5.1,  0.00550
1549567008,     WRITE,     11898,     229,     229,     229,     0.5,     0.5,     0.7,     3.0,     5.3,     5.3,  0.00539,      READ,     12016,     271,     271,     271,     0.7,     0.6,     0.8,     4.3,     6.7,     6.7,  0.00539
1549567009,     WRITE,     12148,     250,     250,     250,     0.5,     0.4,     0.7,     3.9,     5.6,     5.6,  0.00529,      READ,     12266,     250,     250,     250,     0.6,     0.6,     0.8,     2.2,     4.0,     4.0,  0.00529
1549567010,     WRITE,     12425,     277,     277,     277,     0.7,     0.4,     0.6,     5.4,    25.8,    25.8,  0.00520,      READ,     12489,     223,     223,     223,     1.0,     0.6,     0.8,    27.5,    35.5,    35.5,  0.00520
1549567011,     WRITE,     12680,     255,     255,     255,     0.8,     0.4,     0.6,     4.2,    51.2,    51.2,  0.00515,      READ,     12734,     245,     245,     245,     1.2,     0.6,     0.8,    37.3,    60.0,    60.0,  0.00515
1549567012,     WRITE,     12954,     274,     274,     274,     0.5,     0.4,     0.6,     3.1,     5.8,     5.8,  0.00506,      READ,     12960,     226,     226,     226,     0.7,     0.6,     0.8,     3.0,     6.4,     6.4,  0.00506
1549567013,     WRITE,     13244,     290,     290,     290,     0.5,     0.4,     0.6,     1.0,     3.6,     3.6,  0.00498,      READ,     13170,     210,     210,     210,     0.6,     0.6,     0.8,     2.0,     5.0,     5.0,  0.00498
1549567014,     WRITE,     13531,     287,     287,     287,     0.5,     0.4,     0.7,     3.1,     6.6,     6.6,  0.00490,      READ,     13383,     213,     213,     213,     0.7,     0.6,     0.9,     4.7,     5.5,     5.5,  0.00490
1549567015,     WRITE,     13787,     256,     256,     256,     0.5,     0.4,     0.6,     2.0,     3.4,     3.4,  0.00482,      READ,     13627,     244,     244,     244,     0.7,     0.6,     0.8,     5.4,     7.2,     7.2,  0.00482
1549567016,     WRITE,     14055,     268,     268,     268,     0.5,     0.4,     0.6,     0.8,     3.5,     3.5,  0.00474,      READ,     13859,     232,     232,     232,     0.6,     0.6,     0.8,     1.7,     3.8,     3.8,  0.00474
1549567017,     WRITE,     14316,     261,     261,     261,     0.5,     0.4,     0.6,     1.6,     4.7,     4.7,  0.00467,      READ,     14098,     239,     239,     239,     0.6,     0.6,     0.7,     2.0,     4.7,     4.7,  0.00467
1549567018,     WRITE,     14563,     247,     247,     247,     0.5,     0.5,     0.6,     0.9,     2.3,     2.3,  0.00459,      READ,     14351,     253,     253,     253,     0.7,     0.6,     0.9,     3.8,     5.6,     5.6,  0.00459
1549567019,     WRITE,     14838,     275,     275,     275,     0.6,     0.5,     0.8,     3.7,     8.1,     8.1,  0.00452,      READ,     14576,     225,     225,     225,     0.7,     0.6,     0.8,     4.3,     5.0,     5.0,  0.00452
1549567020,     WRITE,     15092,     254,     254,     254,     0.5,     0.4,     0.6,     2.9,     4.5,     4.5,  0.00445,      READ,     14822,     246,     246,     246,     0.7,     0.6,     0.8,     4.6,     5.9,     5.9,  0.00445
1549567021,     WRITE,     15336,     244,     244,     244,     0.8,     0.5,     1.2,     5.3,    36.2,    36.2,  0.00439,      READ,     15078,     256,     256,     256,     0.8,     0.6,     0.9,     5.5,    32.0,    32.0,  0.00439
1549567022,     WRITE,     15607,     271,     271,     271,     0.7,     0.5,     0.8,     3.0,    29.2,    29.2,  0.00434,      READ,     15307,     229,     229,     229,     1.1,     0.6,     1.0,     5.2,    49.3,    49.3,  0.00434
1549567023,     WRITE,     15892,     285,     285,     285,     0.5,     0.5,     0.7,     2.0,     6.0,     6.0,  0.00428,      READ,     15522,     215,     215,     215,     0.7,     0.6,     0.9,     2.0,     4.2,     4.2,  0.00428
1549567024,     WRITE,     16177,     285,     285,     285,     0.6,     0.5,     0.8,     3.8,     4.4,     4.4,  0.00422,      READ,     15737,     215,     215,     215,     0.7,     0.6,     0.9,     5.3,     7.4,     7.4,  0.00422
1549567025,     WRITE,     16462,     285,     285,     285,     1.1,     0.5,     0.7,    18.3,    60.4,    60.4,  0.00420,      READ,     15952,     215,     215,     215,     0.7,     0.6,     0.9,     2.2,    20.1,    20.1,  0.00420
1549567026,     WRITE,     16719,     257,     257,     257,     0.5,     0.4,     0.6,     0.8,     2.3,     2.3,  0.00415,      READ,     16195,     243,     243,     243,     0.6,     0.6,     0.8,     4.2,     4.3,     4.3,  0.00415
1549567027,     WRITE,     16977,     258,     258,     258,     0.8,     0.4,     0.6,     3.6,    59.4,    59.4,  0.00414,      READ,     16437,     242,     242,     242,     1.4,     0.6,     0.8,    49.7,    63.4,    63.4,  0.00414
1549567028,     WRITE,     17237,     260,     260,     260,     1.0,     0.4,     0.8,    25.7,    34.7,    34.7,  0.00408,      READ,     16677,     240,     240,     240,     0.8,     0.6,     0.8,     7.0,    24.7,    24.7,  0.00408
1549567029,     WRITE,     17494,     257,     257,     257,     0.5,     0.4,     0.6,     2.0,     5.3,     5.3,  0.00403,      READ,     16920,     243,     243,     243,     0.6,     0.5,     0.7,     2.2,     4.8,     4.8,  0.00403
1549567030,     WRITE,     17711,     217,     217,     217,     0.5,     0.5,     0.7,     1.0,     6.4,     6.4,  0.00398,      READ,     17203,     283,     283,     283,     0.6,     0.6,     0.8,     2.1,     4.2,     4.2,  0.00398
1549567031,     WRITE,     17958,     247,     247,     247,     0.5,     0.4,     0.6,     4.0,     5.1,     5.1,  0.00393,      READ,     17456,     253,     253,     253,     0.6,     0.6,     0.8,     2.7,     7.0,     7.0,  0.00393
1549567032,     WRITE,     18206,     248,     248,     248,     0.6,     0.4,     0.6,     5.1,     6.7,     6.7,  0.00388,      READ,     17708,     252,     252,     252,     0.6,     0.6,     0.8,     1.1,     1.9,     1.9,  0.00388
1549567033,     WRITE,     18477,     271,     271,     271,     0.5,     0.4,     0.6,     3.0,     4.1,     4.1,  0.00383,      READ,     17937,     229,     229,     229,     0.7,     0.6,     0.9,     5.2,     6.8,     6.8,  0.00383
1549567034,     WRITE,     18750,     273,     273,     273,     0.5,     0.4,     0.6,     3.1,     5.1,     5.1,  0.00379,      READ,     18164,     227,     227,     227,     0.7,     0.6,     0.9,     5.4,     7.7,     7.7,  0.00379
1549567035,     WRITE,     18974,     224,     224,     224,     0.5,     0.4,     0.6,     0.8,     2.3,     2.3,  0.00374,      READ,     18440,     276,     276,     276,     0.7,     0.6,     0.8,     4.0,     6.8,     6.8,  0.00374
1549567036,     WRITE,     19255,     281,     281,     281,     0.5,     0.4,     0.6,     2.0,     4.0,     4.0,  0.00370,      READ,     18659,     219,     219,     219,     0.7,     0.6,     0.8,     3.2,     6.0,     6.0,  0.00370
1549567037,     WRITE,     19539,     284,     284,     284,     0.5,     0.4,     0.6,     1.6,     4.2,     4.2,  0.00366,      READ,     18875,     216,     216,     216,     0.6,     0.6,     0.8,     1.8,     4.0,     4.0,  0.00366
1549567038,     WRITE,     19771,     232,     232,     232,     0.4,     0.4,     0.6,     0.7,     1.2,     1.2,  0.00362,      READ,     19143,     268,     268,     268,     0.6,     0.5,     0.7,     1.0,     1.6,     1.6,  0.00362
1549567039,     WRITE,     20044,     273,     273,     273,     0.5,     0.4,     0.6,     1.1,     4.7,     4.7,  0.00358,      READ,     19370,     227,     227,     227,     0.6,     0.6,     0.8,     0.9,     4.2,     4.2,  0.00358
1549567040,     WRITE,     20277,     233,     233,     233,     0.5,     0.4,     0.6,     0.9,     4.9,     4.9,  0.00354,      READ,     19637,     267,     267,     267,     0.6,     0.5,     0.7,     1.7,     3.8,     3.8,  0.00354
1549567041,     WRITE,     20511,     234,     234,     234,     0.8,     0.4,     0.6,    13.0,    36.8,    36.8,  0.00350,      READ,     19903,     266,     266,     266,     0.8,     0.5,     0.7,     2.8,    39.4,    39.4,  0.00350
1549567042,     WRITE,     20770,     259,     259,     259,     0.7,     0.4,     0.6,     3.5,    32.4,    32.4,  0.00346,      READ,     20144,     241,     241,     241,     0.8,     0.5,     0.8,     3.0,    33.8,    33.8,  0.00346
1549567043,     WRITE,     21035,     265,     265,     265,     1.0,     0.4,     0.6,    11.1,    65.1,    65.1,  0.00347,      READ,     20379,     235,     235,     235,     1.3,     0.5,     0.8,    37.2,    57.0,    57.0,  0.00347
1549567044,     WRITE,     21281,     246,     246,     246,     0.5,     0.4,     0.6,     2.3,     5.1,     5.1,  0.00343,      READ,     20633,     254,     254,     254,     0.6,     0.6,     0.7,     1.2,     3.0,     3.0,  0.00343
1549567045,     WRITE,     21519,     238,     238,     238,     0.6,     0.4,     0.7,     4.6,     6.4,     6.4,  0.00340,      READ,     20895,     262,     262,     262,     0.6,     0.6,     0.8,     1.1,     6.3,     6.3,  0.00340
1549567046,     WRITE,     21733,     214,     214,     214,     0.6,     0.4,     0.6,     2.6,    14.7,    14.7,  0.00336,      READ,     21181,     286,     286,     286,     0.8,     0.5,     0.7,     6.8,    29.1,    29.1,  0.00336
1549567047,     WRITE,     21976,     243,     243,     243,     0.5,     0.4,     0.6,     1.9,     5.3,     5.3,  0.00332,      READ,     21438,     257,     257,     257,     0.7,     0.6,     0.9,     4.3,     6.9,     6.9,  0.00332
1549567048,     WRITE,     22235,     259,     259,     259,     0.8,     0.4,     0.6,     3.3,    42.6,    42.6,  0.00330,      READ,     21679,     241,     241,     241,     0.9,     0.6,     0.8,    11.0,    28.9,    28.9,  0.00330
1549567049,     WRITE,     22475,     240,     240,     240,     0.5,     0.5,     0.6,     2.2,     2.7,     2.7,  0.00326,      READ,     21939,     260,     260,     260,     0.7,     0.6,     0.9,     3.6,     7.8,     7.8,  0.00326
1549567050,     WRITE,     22745,     270,     270,     270,     0.5,     0.4,     0.6,     4.0,     6.8,     6.8,  0.00323,      READ,     22169,     230,     230,     230,     0.7,     0.6,     0.9,     4.2,     6.5,     6.5,  0.00323
1549567051,     WRITE,     23004,     259,     259,     259,     0.5,     0.4,     0.6,     2.0,     5.8,     5.8,  0.00320,      READ,     22410,     241,     241,     241,     0.6,     0.6,     0.9,     1.3,     5.5,     5.5,  0.00320
1549567052,     WRITE,     23205,     201,     201,     201,     0.5,     0.5,     0.6,     0.9,     3.3,     3.3,  0.00317,      READ,     22709,     299,     299,     299,     0.6,     0.6,     0.8,     1.0,     5.3,     5.3,  0.00317
1549567053,     WRITE,     23447,     242,     242,     242,     0.5,     0.4,     0.6,     3.1,     5.2,     5.2,  0.00314,      READ,     22967,     258,     258,     258,     0.6,     0.6,     0.8,     1.3,     6.7,     6.7,  0.00314
1549567054,     WRITE,     23684,     237,     237,     237,     0.5,     0.4,     0.6,     2.6,     5.2,     5.2,  0.00311,      READ,     23230,     263,     263,     263,     0.7,     0.6,     0.8,     2.4,     6.8,     6.8,  0.00311
1549567055,     WRITE,     23965,     281,     281,     281,     0.5,     0.4,     0.7,     3.4,     6.5,     6.5,  0.00308,      READ,     23449,     219,     219,     219,     0.8,     0.6,     1.0,     6.7,    11.1,    11.1,  0.00308
1549567056,     WRITE,     24232,     267,     267,     267,     0.5,     0.4,     0.6,     0.8,     8.4,     8.4,  0.00305,      READ,     23682,     233,     233,     233,     0.6,     0.6,     0.8,     0.9,     4.4,     4.4,  0.00305
1549567057,     WRITE,     24467,     235,     235,     235,     0.5,     0.5,     0.8,     3.4,     5.2,     5.2,  0.00302,      READ,     23947,     265,     265,     265,     0.6,     0.6,     0.8,     1.3,     3.3,     3.3,  0.00302
1549567058,     WRITE,     24680,     213,     213,     213,     0.6,     0.5,     0.7,     3.1,    10.3,    10.3,  0.00299,      READ,     24234,     287,     287,     287,     0.6,     0.6,     0.8,     2.3,     5.0,     5.0,  0.00299
1549567059,     WRITE,     24913,     233,     233,     233,     0.5,     0.4,     0.6,     2.4,     8.3,     8.3,  0.00296,      READ,     24501,     267,     267,     267,     0.7,     0.6,     1.0,     3.7,     7.3,     7.3,  0.00296
1549567060,     WRITE,     25131,     218,     218,     218,     0.8,     0.5,     1.2,     4.7,    39.0,    39.0,  0.00294,      READ,     24783,     282,     282,     282,     0.8,     0.6,     0.8,     5.9,    13.0,    13.0,  0.00294
1549567061,     WRITE,     25370,     239,     239,     239,     0.7,     0.4,     0.7,     5.0,    27.7,    27.7,  0.00292,      READ,     25044,     261,     261,     261,     1.0,     0.6,     0.8,     7.0,    43.4,    43.4,  0.00292
1549567062,     WRITE,     25603,     233,     233,     233,     0.6,     0.4,     0.7,     5.5,    14.3,    14.3,  0.00289,      READ,     25311,     267,     267,     267,     0.7,     0.6,     0.8,     1.2,    32.1,    32.1,  0.00289
1549567063,     WRITE,     25883,     280,     280,     280,     0.5,     0.4,     0.6,     0.7,    18.4,    18.4,  0.00287,      READ,     25531,     220,     220,     220,     0.7,     0.6,     0.8,     3.3,    24.3,    24.3,  0.00287
1549567064,     WRITE,     26187,     304,     304,     304,     0.5,     0.4,     0.6,     0.7,     4.8,     4.8,  0.00284,      READ,     25727,     196,     196,     196,     0.7,     0.6,     0.9,     3.5,     4.8,     4.8,  0.00284
1549567065,     WRITE,     26457,     270,     270,     270,     0.5,     0.5,     0.7,     2.4,     5.4,     5.4,  0.00282,      READ,     25957,     230,     230,     230,     0.7,     0.6,     0.8,     5.2,     6.8,     6.8,  0.00282
1549567066,     WRITE,     26745,     288,     288,     288,     0.5,     0.4,     0.6,     0.7,     2.3,     2.3,  0.00280,      READ,     26169,     212,     212,     212,     0.7,     0.6,     0.8,     3.2,     5.2,     5.2,  0.00280
1549567067,     WRITE,     26974,     229,     229,     229,     0.5,     0.4,     0.6,     2.5,     5.1,     5.1,  0.00277,      READ,     26440,     271,     271,     271,     0.6,     0.6,     0.7,     0.9,     6.6,     6.6,  0.00277
1549567068,     WRITE,     27206,     232,     232,     232,     0.5,     0.4,     0.6,     3.4,     4.9,     4.9,  0.00275,      READ,     26708,     268,     268,     268,     0.6,     0.5,     0.8,     2.3,     4.6,     4.6,  0.00275
1549567069,     WRITE,     27463,     257,     257,     257,     0.5,     0.4,     0.7,     2.7,     4.8,     4.8,  0.00273,      READ,     26951,     243,     243,     243,     0.6,     0.6,     0.8,     3.7,     6.4,     6.4,  0.00273
1549567070,     WRITE,     27695,     232,     232,     232,     0.6,     0.4,     0.6,     4.3,    24.3,    24.3,  0.00272,      READ,     27219,     268,     268,     268,     1.2,     0.6,     1.0,    15.9,    50.4,    50.4,  0.00272
1549567071,     WRITE,     27916,     221,     221,     221,     0.5,     0.4,     0.7,     0.8,     5.7,     5.7,  0.00270,      READ,     27498,     279,     279,     279,     0.7,     0.6,     0.8,     3.7,     6.6,     6.6,  0.00270
1549567072,     WRITE,     28196,     280,     280,     280,     0.5,     0.4,     0.6,     2.8,     5.3,     5.3,  0.00267,      READ,     27718,     220,     220,     220,     0.7,     0.6,     0.9,     3.3,     6.9,     6.9,  0.00267
1549567073,     WRITE,     28454,     258,     258,     258,     0.8,     0.4,     0.6,     1.6,    59.8,    59.8,  0.00268,      READ,     27960,     242,     242,     242,     1.0,     0.6,     1.0,     6.9,    63.6,    63.6,  0.00268
1549567074,     WRITE,     28696,     242,     242,     242,     0.5,     0.4,     0.6,     0.8,     1.8,     1.8,  0.00266,      READ,     28218,     258,     258,     258,     0.6,     0.6,     0.8,     1.0,     4.9,     4.9,  0.00266
1549567075,     WRITE,     28949,     253,     253,     253,     0.5,     0.4,     0.6,     2.0,     4.8,     4.8,  0.00264,      READ,     28465,     247,     247,     247,     0.6,     0.6,     0.8,     3.2,     5.0,     5.0,  0.00264
1549567076,     WRITE,     29186,     237,     237,     237,     0.5,     0.4,     0.6,     0.7,     4.1,     4.1,  0.00262,      READ,     28728,     263,     263,     263,     0.6,     0.6,     0.7,     3.3,     5.2,     5.2,  0.00262
1549567077,     WRITE,     29447,     261,     261,     261,     0.5,     0.4,     0.6,     0.7,     6.3,     6.3,  0.00260,      READ,     28967,     239,     239,     239,     0.6,     0.5,     0.7,     2.6,     6.0,     6.0,  0.00260
1549567078,     WRITE,     29719,     272,     272,     272,     0.5,     0.4,     0.6,     3.1,     6.6,     6.6,  0.00258,      READ,     29195,     228,     228,     228,     0.6,     0.5,     0.8,     2.2,     6.2,     6.2,  0.00258
1549567079,     WRITE,     29997,     278,     278,     278,     0.5,     0.4,     0.7,     3.5,     5.4,     5.4,  0.00256,      READ,     29417,     222,     222,     222,     0.6,     0.6,     0.8,     1.6,     6.6,     6.6,  0.00256
1549567080,     WRITE,     30277,     280,     280,     280,     0.5,     0.4,     0.6,     3.8,     6.3,     6.3,  0.00254,      READ,     29637,     220,     220,     220,     0.6,     0.6,     0.8,     1.2,     4.4,     4.4,  0.00254
1549567081,     WRITE,     30526,     249,     249,     249,     0.7,     0.4,     0.7,     6.6,    43.0,    43.0,  0.00253,      READ,     29888,     251,     251,     251,     1.0,     0.6,     0.9,     4.7,    34.2,    34.2,  0.00253
1549567082,     WRITE,     30765,     239,     239,     239,     0.5,     0.4,     0.7,     3.1,     7.1,     7.1,  0.00251,      READ,     30149,     261,     261,     261,     0.6,     0.6,     0.8,     3.3,     5.0,     5.0,  0.00251
1549567083,     WRITE,     31002,     237,     237,     237,     0.7,     0.4,     0.6,    11.0,    25.2,    25.2,  0.00250,      READ,     30412,     263,     263,     263,     0.8,     0.6,     0.8,     2.3,    33.0,    33.0,  0.00250
1549567084,     WRITE,     31280,     278,     278,     278,     0.5,     0.5,     0.6,     0.9,     4.8,     4.8,  0.00248,      READ,     30632,     220,     220,     220,     0.6,     0.6,     0.8,     0.9,     2.6,     2.6,  0.00248
1549567085,     WRITE,     31539,     259,     259,     259,     0.5,     0.4,     0.6,     2.3,     6.6,     6.6,  0.00246,      READ,     30875,     243,     243,     243,     0.7,     0.6,     0.8,     5.4,     8.9,     8.9,  0.00246
1549567086,     WRITE,     31792,     253,     253,     253,     0.5,     0.5,     0.7,     0.9,     3.6,     3.6,  0.00244,      READ,     31122,     247,     247,     247,     0.6,     0.6,     0.8,     2.5,     6.0,     6.0,  0.00244
1549567087,     WRITE,     32073,     281,     281,     281,     0.5,     0.4,     0.7,     2.9,     4.9,     4.9,  0.00243,      READ,     31341,     219,     219,     219,     0.6,     0.6,     0.7,     1.0,     3.2,     3.2,  0.00243
1549567088,     WRITE,     32342,     269,     269,     269,     0.6,     0.4,     0.7,     4.6,     6.7,     6.7,  0.00241,      READ,     31572,     231,     231,     231,     0.6,     0.6,     0.8,     1.7,     5.9,     5.9,  0.00241
1549567089,     WRITE,     32625,     283,     283,     283,     0.7,     0.4,     0.7,     5.0,    53.3,    53.3,  0.00241,      READ,     31789,     217,     217,     217,     0.9,     0.6,     0.9,     3.9,    59.6,    59.6,  0.00241
1549567090,     WRITE,     32851,     226,     226,     226,     0.6,     0.5,     0.7,     4.1,     7.1,     7.1,  0.00240,      READ,     32063,     274,     274,     274,     0.6,     0.6,     0.7,     1.1,     3.6,     3.6,  0.00240
1549567091,     WRITE,     33112,     261,     261,     261,     0.5,     0.5,     0.7,     1.3,     5.0,     5.0,  0.00238,      READ,     32302,     239,     239,     239,     0.7,     0.6,     0.9,     3.0,     5.2,     5.2,  0.00238
1549567092,     WRITE,     33331,     219,     219,     219,     0.5,     0.4,     0.6,     1.2,     4.2,     4.2,  0.00237,      READ,     32583,     281,     281,     281,     0.7,     0.6,     1.0,     4.2,     5.6,     5.6,  0.00237
1549567093,     WRITE,     33562,     231,     231,     231,     0.5,     0.5,     0.6,     2.4,    11.0,    11.0,  0.00235,      READ,     32852,     269,     269,     269,     0.8,     0.6,     0.8,     4.5,    32.7,    32.7,  0.00235
1549567094,     WRITE,     33787,     225,     225,     225,     0.5,     0.4,     0.7,     3.1,     6.6,     6.6,  0.00233,      READ,     33127,     275,     275,     275,     0.7,     0.6,     0.8,     5.0,     6.8,     6.8,  0.00233
1549567095,     WRITE,     34037,     250,     250,     250,     0.6,     0.5,     0.7,     2.9,    13.5,    13.5,  0.00232,      READ,     33377,     250,     250,     250,     0.7,     0.6,     0.8,     5.1,    11.1,    11.1,  0.00232
1549567096,     WRITE,     34300,     263,     263,     263,     0.5,     0.5,     0.6,     3.3,     6.9,     6.9,  0.00230,      READ,     33614,     237,     237,     237,     0.6,     0.6,     0.7,     1.0,     4.4,     4.4,  0.00230
1549567097,     WRITE,     34551,     251,     251,     251,     0.5,     0.5,     0.6,     3.1,     4.6,     4.6,  0.00229,      READ,     33863,     249,     249,     249,     0.7,     0.6,     0.8,     3.8,     5.9,     5.9,  0.00229
1549567098,     WRITE,     34792,     241,     241,     241,     0.5,     0.5,     0.6,     0.9,     1.5,     1.5,  0.00228,      READ,     34119,     256,     256,     256,     0.6,     0.6,     0.8,     1.0,     4.8,     4.8,  0.00228
1549567099,     WRITE,     35049,     257,     257,     257,     0.7,     0.5,     0.6,     4.0,    45.0,    45.0,  0.00227,      READ,     34365,     246,     246,     246,     1.0,     0.6,     0.8,    16.9,    40.9,    40.9,  0.00227
1549567100,     WRITE,     35262,     213,     213,     213,     0.7,     0.5,     0.7,     5.9,    32.2,    32.2,  0.00226,      READ,     34652,     287,     287,     287,     0.8,     0.6,     0.9,     3.9,    24.3,    24.3,  0.00226
1549567101,     WRITE,     35495,     233,     233,     233,     0.5,     0.4,     0.7,     3.2,     6.9,     6.9,  0.00224,      READ,     34919,     267,     267,     267,     0.7,     0.6,     0.8,     4.4,     5.1,     5.1,  0.00224
1549567102,     WRITE,     35745,     250,     250,     250,     0.6,     0.5,     0.6,     4.9,     7.1,     7.1,  0.00223,      READ,     35169,     250,     250,     250,     0.6,     0.6,     0.8,     1.3,     3.7,     3.7,  0.00223
1549567103,     WRITE,     35993,     248,     248,     248,     0.5,     0.4,     0.6,     4.4,     6.3,     6.3,  0.00222,      READ,     35421,     252,     252,     252,     0.7,     0.6,     0.8,     3.4,     5.3,     5.3,  0.00222
1549567104,     WRITE,     36218,     225,     225,     225,     1.0,     0.5,     0.6,     2.2,    63.1,    63.1,  0.00223,      READ,     35696,     275,     275,     275,     1.2,     0.6,     1.0,     9.1,    66.9,    66.9,  0.00223
1549567105,     WRITE,     36457,     239,     239,     239,     0.5,     0.4,     0.6,     2.0,     5.3,     5.3,  0.00222,      READ,     35957,     261,     261,     261,     0.6,     0.6,     0.8,     2.3,     5.4,     5.4,  0.00222
1549567106,     WRITE,     36745,     288,     288,     288,     1.5,     0.5,     0.8,    45.5,    61.7,    61.7,  0.00222,      READ,     36169,     212,     212,     212,     0.7,     0.6,     0.8,     6.0,    11.8,    11.8,  0.00222
1549567107,     WRITE,     37026,     281,     281,     281,     0.5,     0.4,     0.6,     2.7,     4.2,     4.2,  0.00221,      READ,     36388,     219,     219,     219,     0.6,     0.6,     0.8,     1.0,     5.8,     5.8,  0.00221
1549567108,     WRITE,     37279,     253,     253,     253,     0.5,     0.4,     0.7,     2.9,     5.0,     5.0,  0.00220,      READ,     36635,     247,     247,     247,     0.6,     0.6,     0.7,     2.6,     5.9,     5.9,  0.00220
1549567109,     WRITE,     37558,     279,     279,     279,     0.5,     0.4,     0.6,     2.1,     4.6,     4.6,  0.00218,      READ,     36856,     221,     221,     221,     0.6,     0.6,     0.8,     3.1,     6.6,     6.6,  0.00218
1549567110,     WRITE,     37845,     287,     287,     287,     0.5,     0.5,     0.6,     3.5,     5.4,     5.4,  0.00217,      READ,     37069,     213,     213,     213,     0.6,     0.6,     0.8,     1.1,     6.3,     6.3,  0.00217
1549567111,     WRITE,     38134,     289,     289,     289,     0.6,     0.4,     0.7,     5.0,     8.6,     8.6,  0.00216,      READ,     37280,     211,     211,     211,     0.7,     0.6,     0.8,     2.8,     6.8,     6.8,  0.00216
1549567112,     WRITE,     38417,     283,     283,     283,     0.5,     0.5,     0.8,     2.4,     5.1,     5.1,  0.00214,      READ,     37497,     217,     217,     217,     0.7,     0.6,     0.9,     2.0,     5.6,     5.6,  0.00214
1549567113,     WRITE,     38664,     247,     247,     247,     0.5,     0.5,     0.6,     0.9,     0.9,     0.9,  0.00213,      READ,     37750,     253,     253,     253,     0.6,     0.6,     0.8,     0.9,     1.6,     1.6,  0.00213
1549567114,     WRITE,     38876,     212,     212,     212,     0.5,     0.5,     0.7,     3.3,     5.8,     5.8,  0.00212,      READ,     38038,     288,     288,     288,     0.6,     0.6,     0.8,     1.3,     2.9,     2.9,  0.00212
1549567115,     WRITE,     39150,     274,     274,     274,     0.5,     0.5,     0.6,     0.8,     3.9,     3.9,  0.00211,      READ,     38264,     226,     226,     226,     0.6,     0.6,     0.9,     1.6,     4.9,     4.9,  0.00211
1549567116,     WRITE,     39412,     262,     262,     262,     0.6,     0.5,     0.7,     4.3,    22.8,    22.8,  0.00210,      READ,     38498,     234,     234,     234,     0.7,     0.6,     0.8,     5.4,     8.8,     8.8,  0.00210
1549567117,     WRITE,     39644,     232,     232,     232,     1.0,     0.4,     0.6,    35.1,    51.0,    51.0,  0.00210,      READ,     38770,     272,     272,     272,     0.8,     0.6,     0.8,     4.9,    26.9,    26.9,  0.00210
1549567118,     WRITE,     39898,     254,     254,     254,     0.6,     0.5,     0.7,     3.1,     6.7,     6.7,  0.00209,      READ,     39016,     246,     246,     246,     0.7,     0.6,     0.8,     2.9,     5.2,     5.2,  0.00209
1549567119,     WRITE,     40182,     284,     284,     284,     0.5,     0.5,     0.6,     2.9,     4.8,     4.8,  0.00208,      READ,     39232,     216,     216,     216,     0.7,     0.6,     0.8,     4.4,     6.5,     6.5,  0.00208
1549567120,     WRITE,     40409,     227,     227,     227,     0.8,     0.5,     0.7,     4.8,    44.5,    44.5,  0.00207,      READ,     39505,     273,     273,     273,     0.9,     0.6,     0.9,     6.9,    26.4,    26.4,  0.00207
1549567121,     WRITE,     40642,     233,     233,     233,     0.5,     0.4,     0.6,     0.7,     2.8,     2.8,  0.00206,      READ,     39772,     267,     267,     267,     0.7,     0.6,     0.8,     3.3,     7.0,     7.0,  0.00206
1549567122,     WRITE,     40913,     271,     271,     271,     1.5,     0.4,     0.7,    43.4,    53.4,    53.4,  0.00206,      READ,     40001,     229,     229,     229,     1.2,     0.6,     0.9,    37.7,    55.6,    55.6,  0.00206
1549567123,     WRITE,     41237,     324,     324,     324,     0.5,     0.4,     0.6,     3.3,     5.3,     5.3,  0.00205,      READ,     40177,     176,     176,     176,     0.6,     0.6,     0.8,     2.1,     3.8,     3.8,  0.00205
1549567124,     WRITE,     41487,     250,     250,     250,     0.5,     0.4,     0.6,     1.5,     5.1,     5.1,  0.00204,      READ,     40427,     250,     250,     250,     0.7,     0.6,     0.8,     3.6,     6.5,     6.5,  0.00204
1549567125,     WRITE,     41725,     238,     238,     238,     0.5,     0.4,     0.7,     1.5,     4.0,     4.0,  0.00203,      READ,     40689,     262,     262,     262,     0.6,     0.6,     0.8,     2.2,     5.8,     5.8,  0.00203
1549567126,     WRITE,     41981,     256,     256,     256,     1.0,     0.4,     0.7,     7.7,    58.2,    58.2,  0.00203,      READ,     40933,     244,     244,     244,     1.0,     0.6,     1.0,     9.9,    36.0,    36.0,  0.00203
1549567127,     WRITE,     42260,     279,     279,     279,     0.6,     0.4,     0.7,     4.4,     6.6,     6.6,  0.00202,      READ,     41154,     221,     221,     221,     0.6,     0.6,     0.9,     2.4,     4.8,     4.8,  0.00202
1549567128,     WRITE,     42503,     243,     243,     243,     0.6,     0.5,     0.9,     3.1,     6.7,     6.7,  0.00201,      READ,     41411,     257,     257,     257,     0.7,     0.6,     0.9,     3.1,     5.0,     5.0,  0.00201
1549567129,     WRITE,     42745,     242,     242,     242,     0.5,     0.5,     0.8,     3.3,     5.7,     5.7,  0.00200,      READ,     41669,     258,     258,     258,     0.7,     0.6,     1.0,     3.6,     7.3,     7.3,  0.00200
1549567130,     WRITE,     43010,     265,     265,     265,     0.5,     0.5,     0.6,     1.0,     1.3,     1.3,  0.00199,      READ,     41904,     235,     235,     235,     0.6,     0.6,     0.8,     1.2,     3.3,     3.3,  0.00199
1549567131,     WRITE,     43285,     275,     275,     275,     0.5,     0.5,     0.7,     2.4,     5.8,     5.8,  0.00198,      READ,     42129,     225,     225,     225,     0.7,     0.6,     0.8,     2.5,     6.6,     6.6,  0.00198
1549567132,     WRITE,     43511,     226,     226,     226,     0.6,     0.5,     0.7,     2.8,     5.5,     5.5,  0.00197,      READ,     42403,     274,     274,     274,     0.7,     0.6,     0.9,     4.0,     5.6,     5.6,  0.00197
1549567133,     WRITE,     43800,     289,     289,     289,     0.5,     0.5,     0.6,     2.5,     6.4,     6.4,  0.00196,      READ,     42614,     211,     211,     211,     0.6,     0.6,     0.8,     1.9,     5.9,     5.9,  0.00196
1549567134,     WRITE,     44079,     279,     279,     279,     0.5,     0.5,     0.6,     1.3,     5.4,     5.4,  0.00195,      READ,     42835,     221,     221,     221,     0.7,     0.6,     0.8,     1.1,     6.7,     6.7,  0.00195
1549567135,     WRITE,     44331,     252,     252,     252,     0.5,     0.5,     0.7,     2.4,     3.4,     3.4,  0.00194,      READ,     43083,     248,     248,     248,     1.1,     0.6,     0.8,    26.5,    36.5,    36.5,  0.00194
1549567136,     WRITE,     44573,     242,     242,     242,     0.5,     0.4,     0.6,     3.0,     7.2,     7.2,  0.00193,      READ,     43341,     258,     258,     258,     0.7,     0.6,     0.8,     3.9,     6.8,     6.8,  0.00193
1549567137,     WRITE,     44825,     252,     252,     252,     0.5,     0.4,     0.7,     3.6,     5.2,     5.2,  0.00192,      READ,     43589,     248,     248,     248,     0.6,     0.6,     0.8,     2.0,     6.9,     6.9,  0.00192
1549567138,     WRITE,     45065,     240,     240,     240,     0.6,     0.5,     0.7,     4.3,     8.3,     8.3,  0.00191,      READ,     43849,     260,     260,     260,     0.6,     0.6,     0.8,     1.1,     3.0,     3.0,  0.00191
1549567139,     WRITE,     45320,     255,     255,     255,     0.6,     0.4,     0.7,     2.7,    17.6,    17.6,  0.00191,      READ,     44093,     244,     244,     244,     0.9,     0.5,     0.9,     5.5,    45.5,    45.5,  0.00191
1549567140,     WRITE,     45598,     278,     278,     278,     1.0,     0.4,     0.7,    25.1,    63.1,    63.1,  0.00191,      READ,     44316,     223,     223,     223,     0.9,     0.6,     0.8,    12.3,    40.4,    40.4,  0.00191
1549567141,     WRITE,     45886,     288,     288,     288,     0.5,     0.4,     0.6,     2.1,     6.3,     6.3,  0.00191,      READ,     44528,     212,     212,     212,     0.6,     0.5,     0.8,     3.2,     4.1,     4.1,  0.00191
1549567142,     WRITE,     46153,     267,     267,     267,     0.5,     0.4,     0.6,     0.9,     6.3,     6.3,  0.00190,      READ,     44761,     233,     233,     233,     0.6,     0.5,     0.7,     3.8,     4.4,     4.4,  0.00190
1549567143,     WRITE,     46410,     257,     257,     257,     0.4,     0.4,     0.5,     1.4,     4.3,     4.3,  0.00189,      READ,     45004,     243,     243,     243,     0.5,     0.5,     0.7,     1.0,     1.0,     1.0,  0.00189
1549567144,     WRITE,     46664,     254,     254,     254,     0.4,     0.4,     0.5,     2.0,     4.0,     4.0,  0.00188,      READ,     45250,     246,     246,     246,     0.5,     0.5,     0.7,     0.9,     3.0,     3.0,  0.00188
1549567145,     WRITE,     46925,     261,     261,     261,     0.5,     0.4,     0.7,     3.2,     6.6,     6.6,  0.00187,      READ,     45489,     239,     239,     239,     0.7,     0.6,     0.8,     3.5,     5.9,     5.9,  0.00187
1549567146,     WRITE,     47162,     237,     237,     237,     0.7,     0.4,     0.6,     5.1,    46.7,    46.7,  0.00188,      READ,     45752,     263,     263,     263,     1.2,     0.6,     1.2,    18.4,    64.5,    64.5,  0.00188
1549567147,     WRITE,     47411,     249,     249,     249,     0.5,     0.5,     0.7,     4.1,     4.8,     4.8,  0.00187,      READ,     46003,     251,     251,     251,     0.6,     0.6,     0.8,     1.1,     3.5,     3.5,  0.00187
1549567148,     WRITE,     47641,     230,     230,     230,     0.6,     0.5,     0.7,     4.5,     6.8,     6.8,  0.00186,      READ,     46273,     270,     270,     270,     0.7,     0.6,     1.0,     3.1,     6.8,     6.8,  0.00186
1549567149,     WRITE,     47871,     230,     230,     230,     0.6,     0.5,     0.8,     5.3,     6.7,     6.7,  0.00185,      READ,     46542,     269,     269,     269,     0.7,     0.6,     0.9,     3.6,     5.7,     5.7,  0.00185
1549567150,     WRITE,     48114,     243,     243,     243,     0.5,     0.5,     0.7,     1.1,     8.3,     8.3,  0.00184,      READ,     46800,     258,     258,     258,     0.8,     0.6,     0.9,     3.9,    24.2,    24.2,  0.00184
1549567151,     WRITE,     48361,     247,     247,     247,     0.5,     0.5,     0.7,     1.1,     4.8,     4.8,  0.00183,      READ,     47053,     253,     253,     253,     0.6,     0.6,     0.8,     1.5,     2.4,     2.4,  0.00183
1549567152,     WRITE,     48601,     240,     240,     240,     0.5,     0.4,     0.7,     2.3,     5.9,     5.9,  0.00183,      READ,     47313,     260,     260,     260,     0.6,     0.6,     0.8,     1.0,     6.2,     6.2,  0.00183
1549567153,     WRITE,     48819,     218,     218,     218,     0.5,     0.4,     0.6,     1.0,     2.4,     2.4,  0.00182,      READ,     47595,     282,     282,     282,     0.6,     0.6,     0.8,     1.0,     3.2,     3.2,  0.00182
1549567154,     WRITE,     49064,     245,     245,     245,     0.5,     0.4,     0.7,     2.6,     4.7,     4.7,  0.00181,      READ,     47850,     255,     255,     255,     0.6,     0.6,     0.8,     1.1,     4.8,     4.8,  0.00181
1549567155,     WRITE,     49323,     259,     259,     259,     0.8,     0.4,     0.6,     1.9,    43.3,    43.3,  0.00181,      READ,     48091,     241,     241,     241,     0.6,     0.5,     0.8,     2.0,     5.2,     5.2,  0.00181
1549567156,     WRITE,     49569,     246,     246,     246,     0.7,     0.4,     0.5,    16.0,    29.9,    29.9,  0.00180,      READ,     48345,     254,     254,     254,     0.6,     0.5,     0.7,     0.8,    23.9,    23.9,  0.00180
1549567157,     WRITE,     49828,     259,     259,     259,     0.4,     0.4,     0.5,     1.0,     1.9,     1.9,  0.00179,      READ,     48586,     241,     241,     241,     0.6,     0.5,     0.7,     2.3,     3.5,     3.5,  0.00179
1549567158,     WRITE,     50096,     268,     268,     268,     0.4,     0.4,     0.6,     0.8,     2.2,     2.2,  0.00178,      READ,     48818,     232,     232,     232,     0.6,     0.5,     0.8,     1.6,     5.4,     5.4,  0.00178
1549567159,     WRITE,     50370,     274,     274,     274,     0.5,     0.4,     0.6,     1.2,     5.5,     5.5,  0.00177,      READ,     49044,     226,     226,     226,     0.6,     0.6,     0.8,     2.2,     6.1,     6.1,  0.00177
1549567160,     WRITE,     50637,     267,     267,     267,     0.5,     0.4,     0.7,     3.8,     6.7,     6.7,  0.00177,      READ,     49277,     233,     233,     233,     0.7,     0.6,     0.8,     5.2,     6.5,     6.5,  0.00177
1549567161,     WRITE,     50918,     281,     281,     281,     0.5,     0.4,     0.6,     2.2,     6.4,     6.4,  0.00176,      READ,     49496,     219,     219,     219,     0.6,     0.6,     0.8,     1.1,     2.9,     2.9,  0.00176
1549567162,     WRITE,     51209,     291,     291,     291,     1.0,     0.5,     0.8,    26.1,    51.9,    51.9,  0.00176,      READ,     49705,     209,     209,     209,     1.1,     0.6,     1.0,     6.8,    40.2,    40.2,  0.00176
1549567163,     WRITE,     51464,     255,     255,     255,     0.5,     0.4,     0.6,     0.9,     5.0,     5.0,  0.00175,      READ,     49950,     245,     245,     245,     0.6,     0.6,     0.8,     3.1,     5.1,     5.1,  0.00175
1549567164,     WRITE,     51709,     245,     245,     245,     0.5,     0.5,     0.7,     3.6,     6.7,     6.7,  0.00174,      READ,     50205,     255,     255,     255,     0.7,     0.6,     0.8,     3.4,     5.1,     5.1,  0.00174
1549567165,     WRITE,     51928,     219,     219,     219,     0.5,     0.4,     0.6,     0.8,     2.4,     2.4,  0.00174,      READ,     50486,     281,     281,     281,     0.6,     0.6,     0.8,     3.0,     5.1,     5.1,  0.00174
1549567166,     WRITE,     52166,     238,     238,     238,     0.5,     0.4,     0.6,     2.3,     4.4,     4.4,  0.00173,      READ,     50748,     262,     262,     262,     0.6,     0.6,     0.8,     1.4,     5.8,     5.8,  0.00173
1549567167,     WRITE,     52427,     261,     261,     261,     0.6,     0.5,     0.7,     4.6,     6.6,     6.6,  0.00172,      READ,     50987,     239,     239,     239,     0.6,     0.6,     0.8,     1.7,     4.2,     4.2,  0.00172
1549567168,     WRITE,     52653,     226,     226,     226,     1.0,     0.5,     0.9,     5.8,    45.9,    45.9,  0.00173,      READ,     51261,     274,     274,     274,     1.3,     0.6,     0.8,    19.6,    59.6,    59.6,  0.00173
1549567169,     WRITE,     52895,     242,     242,     242,     0.5,     0.5,     0.6,     2.1,     5.8,     5.8,  0.00172,      READ,     51519,     258,     258,     258,     0.6,     0.6,     0.8,     1.2,     6.5,     6.5,  0.00172
1549567170,     WRITE,     53151,     256,     256,     256,     0.5,     0.5,     0.7,     1.5,     5.1,     5.1,  0.00171,      READ,     51763,     244,     244,     244,     0.6,     0.6,     0.8,     1.8,     3.3,     3.3,  0.00171
1549567171,     WRITE,     53415,     264,     264,     264,     0.5,     0.4,     0.6,     1.2,     5.1,     5.1,  0.00171,      READ,     51999,     236,     236,     236,     0.6,     0.6,     0.8,     2.4,     4.0,     4.0,  0.00171
1549567172,     WRITE,     53645,     230,     230,     230,     0.5,     0.4,     0.6,     3.6,     6.6,     6.6,  0.00170,      READ,     52267,     268,     268,     268,     0.7,     0.6,     0.9,     4.2,     7.0,     7.0,  0.00170
1549567173,     WRITE,     53893,     248,     248,     248,     1.1,     0.5,     1.1,    15.1,    53.9,    53.9,  0.00170,      READ,     52521,     254,     254,     254,     1.4,     0.6,     0.8,    18.5,    57.6,    57.6,  0.00170
1549567174,     WRITE,     54154,     261,     261,     261,     0.7,     0.5,     0.7,     5.1,    33.6,    33.6,  0.00170,      READ,     52760,     239,     239,     239,     0.8,     0.6,     0.8,     4.6,    28.2,    28.2,  0.00170
1549567175,     WRITE,     54399,     245,     245,     245,     0.5,     0.5,     0.6,     1.3,     3.7,     3.7,  0.00169,      READ,     53015,     255,     255,     255,     0.7,     0.6,     0.9,     3.5,     6.6,     6.6,  0.00169
1549567176,     WRITE,     54650,     251,     251,     251,     0.5,     0.4,     0.6,     0.7,     4.3,     4.3,  0.00168,      READ,     53264,     249,     249,     249,     0.6,     0.6,     0.8,     2.0,     2.2,     2.2,  0.00168
1549567177,     WRITE,     54898,     248,     248,     248,     0.5,     0.5,     0.7,     2.8,     3.0,     3.0,  0.00168,      READ,     53515,     251,     251,     251,     0.7,     0.6,     0.9,     2.4,     6.4,     6.4,  0.00168
1549567178,     WRITE,     55181,     283,     283,     283,     0.6,     0.5,     0.7,     3.8,     7.8,     7.8,  0.00167,      READ,     53733,     218,     218,     218,     0.7,     0.6,     0.8,     3.4,     4.9,     4.9,  0.00167
1549567179,     WRITE,     55447,     266,     266,     266,     0.5,     0.5,     0.6,     0.8,     2.3,     2.3,  0.00166,      READ,     53967,     234,     234,     234,     0.7,     0.6,     0.9,     4.3,     5.0,     5.0,  0.00166
1549567180,     WRITE,     55691,     244,     244,     244,     1.0,     0.4,     0.6,    34.4,    52.2,    52.2,  0.00166,      READ,     54223,     256,     256,     256,     0.7,     0.6,     0.8,     3.3,     6.2,     6.2,  0.00166
1549567181,     WRITE,     55921,     230,     230,     230,     0.5,     0.4,     0.6,     0.9,     6.3,     6.3,  0.00166,      READ,     54493,     270,     270,     270,     0.9,     0.6,     0.9,     8.3,    29.6,    29.6,  0.00166
1549567182,     WRITE,     56180,     259,     259,     259,     0.5,     0.5,     0.6,     3.5,     5.6,     5.6,  0.00165,      READ,     54733,     240,     240,     240,     0.7,     0.6,     1.0,     5.7,     6.2,     6.2,  0.00165
1549567183,     WRITE,     56452,     272,     272,     272,     0.5,     0.5,     0.6,     1.0,     4.8,     4.8,  0.00165,      READ,     54962,     229,     229,     229,     0.6,     0.6,     0.8,     3.0,     4.5,     4.5,  0.00165
1549567184,     WRITE,     56712,     260,     260,     260,     0.5,     0.4,     0.6,     0.7,     4.3,     4.3,  0.00164,      READ,     55202,     240,     240,     240,     0.6,     0.6,     0.8,     3.1,     5.8,     5.8,  0.00164
1549567185,     WRITE,     56975,     263,     263,     263,     0.5,     0.5,     0.6,     3.2,     6.4,     6.4,  0.00163,      READ,     55439,     237,     237,     237,     0.6,     0.6,     0.9,     2.5,     4.6,     4.6,  0.00163
1549567186,     WRITE,     57213,     238,     238,     238,     0.5,     0.5,     0.6,     2.4,     5.1,     5.1,  0.00163,      READ,     55701,     262,     262,     262,     0.7,     0.6,     0.9,     2.0,     7.0,     7.0,  0.00163
1549567187,     WRITE,     57445,     232,     232,     232,     0.5,     0.5,     0.6,     4.2,     5.3,     5.3,  0.00162,      READ,     55969,     268,     268,     268,     0.7,     0.6,     0.9,     3.7,     7.9,     7.9,  0.00162
1549567188,     WRITE,     57707,     262,     262,     262,     0.5,     0.5,     0.6,     1.8,     5.0,     5.0,  0.00161,      READ,     56207,     238,     238,     238,     0.7,     0.6,     0.8,     3.3,     6.6,     6.6,  0.00161
1549567189,     WRITE,     57977,     270,     270,     270,     1.1,     0.5,     0.7,    21.1,    56.0,    56.0,  0.00162,      READ,     56437,     230,     230,     230,     1.0,     0.6,     0.8,     6.0,    45.0,    45.0,  0.00162
1549567190,     WRITE,     58230,     253,     253,     253,     0.5,     0.4,     0.7,     1.1,    14.5,    14.5,  0.00161,      READ,     56684,     247,     247,     247,     1.0,     0.6,     0.8,    22.6,    44.4,    44.4,  0.00161
1549567191,     WRITE,     58465,     235,     235,     235,     0.5,     0.4,     0.6,     1.0,     1.5,     1.5,  0.00161,      READ,     56949,     265,     265,     265,     0.6,     0.6,     0.8,     0.9,     1.1,     1.1,  0.00161
1549567192,     WRITE,     58668,     203,     203,     203,     0.5,     0.5,     0.6,     0.9,     1.5,     1.5,  0.00160,      READ,     57246,     297,     297,     297,     0.8,     0.6,     0.9,     6.4,    10.6,    10.6,  0.00160
1549567193,     WRITE,     58907,     239,     239,     239,     0.7,     0.5,     0.7,     3.4,    35.9,    35.9,  0.00160,      READ,     57507,     261,     261,     261,     0.8,     0.6,     0.8,     4.6,    27.6,    27.6,  0.00160
1549567194,     WRITE,     59158,     251,     251,     251,     0.5,     0.4,     0.7,     1.8,     6.6,     6.6,  0.00159,      READ,     57756,     249,     249,     249,     0.6,     0.6,     0.7,     1.5,     4.0,     4.0,  0.00159
1549567195,     WRITE,     59427,     269,     269,     269,     0.6,     0.5,     0.8,     2.6,     6.6,     6.6,  0.00158,      READ,     57987,     231,     231,     231,     0.7,     0.6,     0.8,     4.8,     6.4,     6.4,  0.00158
1549567196,     WRITE,     59647,     220,     220,     220,     0.5,     0.5,     0.7,     2.8,     5.0,     5.0,  0.00158,      READ,     58267,     280,     280,     280,     0.6,     0.6,     0.8,     1.0,     2.2,     2.2,  0.00158
1549567197,     WRITE,     59907,     260,     260,     260,     0.5,     0.5,     0.6,     0.9,     5.1,     5.1,  0.00157,      READ,     58507,     240,     240,     240,     0.6,     0.6,     0.8,     2.3,     5.2,     5.2,  0.00157
1549567198,     WRITE,     60141,     234,     234,     234,     1.2,     0.5,     1.7,    26.1,    42.3,    42.3,  0.00157,      READ,     58773,     266,     266,     266,     1.0,     0.6,     0.8,     8.2,    36.4,    36.4,  0.00157
1549567199,     WRITE,     60385,     244,     244,     244,     0.5,     0.5,     0.6,     2.4,     7.9,     7.9,  0.00156,      READ,     59029,     256,     256,     256,     0.6,     0.6,     0.7,     1.1,     2.4,     2.4,  0.00156
1549567200,     WRITE,     60603,     218,     218,     218,     0.5,     0.4,     0.6,     3.6,     5.2,     5.2,  0.00156,      READ,     59311,     282,     282,     282,     0.6,     0.6,     0.8,     2.2,     5.3,     5.3,  0.00156
1549567201,     WRITE,     60816,     213,     213,     213,     0.5,     0.4,     0.6,     1.4,     6.4,     6.4,  0.00155,      READ,     59598,     287,     287,     287,     0.6,     0.6,     0.8,     1.3,     3.8,     3.8,  0.00155
1549567202,     WRITE,     61067,     251,     251,     251,     0.5,     0.4,     0.6,     1.5,     5.9,     5.9,  0.00155,      READ,     59847,     249,     249,     249,     0.5,     0.5,     0.7,     0.9,     1.6,     1.6,  0.00155
1549567203,     WRITE,     61318,     251,     251,     251,     0.7,     0.4,     0.6,     3.8,    30.0,    30.0,  0.00154,      READ,     60096,     249,     249,     249,     1.0,     0.5,     0.7,    23.8,    37.8,    37.8,  0.00154
1549567204,     WRITE,     61569,     251,     251,     251,     0.5,     0.4,     0.6,     0.8,     5.1,     5.1,  0.00154,      READ,     60345,     249,     249,     249,     0.7,     0.6,     0.9,     4.4,     6.6,     6.6,  0.00154
1549567205,     WRITE,     61813,     244,     244,     244,     0.5,     0.4,     0.7,     3.0,     6.5,     6.5,  0.00153,      READ,     60601,     256,     256,     256,     0.6,     0.6,     0.9,     1.4,     5.4,     5.4,  0.00153
1549567206,     WRITE,     62055,     242,     242,     242,     0.5,     0.4,     0.7,     2.8,     4.0,     4.0,  0.00153,      READ,     60859,     258,     258,     258,     0.6,     0.6,     0.8,     1.2,     4.6,     4.6,  0.00153
1549567207,     WRITE,     62289,     234,     234,     234,     0.8,     0.5,     0.6,     7.4,    33.2,    33.2,  0.00153,      READ,     61125,     266,     266,     266,     1.2,     0.6,     0.9,    10.9,    65.2,    65.2,  0.00153
1549567208,     WRITE,     62579,     290,     290,     290,     0.6,     0.5,     0.8,     4.9,    10.5,    10.5,  0.00153,      READ,     61335,     210,     210,     210,     0.8,     0.6,     1.0,     6.6,    14.5,    14.5,  0.00153
1549567209,     WRITE,     62864,     285,     285,     285,     0.6,     0.5,     0.7,     3.9,     7.0,     7.0,  0.00152,      READ,     61550,     215,     215,     215,     0.6,     0.6,     0.8,     1.1,     5.4,     5.4,  0.00152
1549567210,     WRITE,     63090,     226,     226,     226,     0.6,     0.5,     0.8,     4.3,    11.0,    11.0,  0.00152,      READ,     61824,     274,     274,     274,     0.7,     0.6,     0.8,     2.8,    34.9,    34.9,  0.00152
1549567211,     WRITE,     63320,     230,     230,     230,     0.5,     0.5,     0.6,     1.2,     4.2,     4.2,  0.00151,      READ,     62094,     270,     270,     270,     0.7,     0.6,     1.0,     3.5,     5.9,     5.9,  0.00151
1549567212,     WRITE,     63559,     239,     239,     239,     0.5,     0.5,     0.6,     0.8,     3.9,     3.9,  0.00151,      READ,     62355,     261,     261,     261,     0.6,     0.6,     0.9,     1.1,     5.0,     5.0,  0.00151
1549567213,     WRITE,     63801,     242,     242,     242,     1.0,     0.5,     0.7,    27.0,    39.2,    39.2,  0.00150,      READ,     62613,     258,     258,     258,     0.6,     0.6,     0.9,     2.6,     3.5,     3.5,  0.00150
1549567214,     WRITE,     64011,     210,     210,     210,     0.6,     0.5,     0.7,     4.3,     5.3,     5.3,  0.00150,      READ,     62903,     290,     290,     290,     0.7,     0.6,     0.9,     3.9,     7.0,     7.0,  0.00150
1549567215,     WRITE,     64245,     234,     234,     234,     0.6,     0.5,     0.8,     2.7,     7.6,     7.6,  0.00149,      READ,     63169,     266,     266,     266,     0.7,     0.6,     0.8,     3.3,    13.5,    13.5,  0.00149
1549567216,     WRITE,     64523,     278,     278,     278,     0.6,     0.5,     0.7,     3.4,     5.4,     5.4,  0.00149,      READ,     63391,     222,     222,     222,     0.7,     0.6,     1.0,     3.8,     6.8,     6.8,  0.00149
1549567217,     WRITE,     64783,     260,     260,     260,     0.5,     0.5,     0.7,     3.0,     5.0,     5.0,  0.00148,      READ,     63631,     240,     240,     240,     0.6,     0.6,     0.8,     1.2,     2.2,     2.2,  0.00148
1549567218,     WRITE,     65029,     246,     246,     246,     0.6,     0.5,     0.9,     4.8,     6.8,     6.8,  0.00148,      READ,     63885,     254,     254,     254,     0.7,     0.6,     0.9,     2.8,     4.6,     4.6,  0.00148
1549567219,     WRITE,     65268,     239,     239,     239,     0.6,     0.5,     0.9,     4.0,     5.6,     5.6,  0.00147,      READ,     64146,     261,     261,     261,     0.7,     0.6,     0.9,     4.4,     6.7,     6.7,  0.00147
1549567220,     WRITE,     65482,     214,     214,     214,     0.5,     0.5,     0.7,     2.6,     6.2,     6.2,  0.00147,      READ,     64432,     286,     286,     286,     0.7,     0.6,     0.8,     1.9,     6.4,     6.4,  0.00147
1549567221,     WRITE,     65755,     273,     273,     273,     0.5,     0.5,     0.6,     0.8,     3.1,     3.1,  0.00146,      READ,     64656,     224,     224,     224,     0.7,     0.6,     0.8,     6.2,     7.0,     7.0,  0.00146
1549567222,     WRITE,     66031,     276,     276,     276,     0.6,     0.5,     0.8,     3.6,     7.7,     7.7,  0.00146,      READ,     64883,     227,     227,     227,     0.7,     0.6,     0.9,     3.6,     5.1,     5.1,  0.00146
1549567223,     WRITE,     66301,     270,     270,     270,     1.1,     0.5,     0.8,    17.0,    53.0,    53.0,  0.00146,      READ,     65113,     230,     230,     230,     1.2,     0.6,     0.9,     6.8,    63.5,    63.5,  0.00146
1549567224,     WRITE,     66545,     244,     244,     244,     0.5,     0.5,     0.7,     2.8,     3.5,     3.5,  0.00146,      READ,     65369,     256,     256,     256,     0.7,     0.6,     0.8,     5.1,     6.6,     6.6,  0.00146
1549567225,     WRITE,     66796,     251,     251,     251,     1.0,     0.5,     0.7,     3.4,    61.3,    61.3,  0.00146,      READ,     65618,     249,     249,     249,     1.1,     0.6,     1.0,    16.7,    56.6,    56.6,  0.00146
1549567226,     WRITE,     67050,     254,     254,     254,     0.8,     0.4,     0.6,     0.9,    49.7,    49.7,  0.00146,      READ,     65864,     246,     246,     246,     0.8,     0.6,     0.9,     5.3,    23.8,    23.8,  0.00146
1549567227,     WRITE,     67302,     252,     252,     252,     0.5,     0.5,     0.7,     2.0,     4.0,     4.0,  0.00146,      READ,     66112,     248,     248,     248,     0.7,     0.6,     0.9,     4.2,     5.8,     5.8,  0.00146
1549567228,     WRITE,     67561,     259,     259,     259,     0.6,     0.5,     0.7,     3.1,     6.4,     6.4,  0.00145,      READ,     66353,     241,     241,     241,     0.7,     0.6,     0.9,     4.9,     6.5,     6.5,  0.00145
1549567229,     WRITE,     67799,     238,     238,     238,     0.5,     0.5,     0.6,     0.8,     3.3,     3.3,  0.00145,      READ,     66615,     262,     262,     262,     0.7,     0.6,     0.8,     4.1,     6.8,     6.8,  0.00145
1549567230,     WRITE,     68026,     227,     227,     227,     0.5,     0.5,     0.7,     3.0,     4.1,     4.1,  0.00144,      READ,     66888,     273,     273,     273,     0.6,     0.6,     0.8,     1.8,     6.5,     6.5,  0.00144
1549567231,     WRITE,     68267,     241,     241,     241,     0.5,     0.5,     0.6,     2.0,     4.2,     4.2,  0.00144,      READ,     67147,     259,     259,     259,     0.6,     0.6,     0.8,     1.0,     5.1,     5.1,  0.00144
1549567232,     WRITE,     68508,     241,     241,     241,     0.8,     0.5,     0.7,    10.3,    27.6,    27.6,  0.00144,      READ,     67406,     259,     259,     259,     0.9,     0.6,     0.9,     9.6,    25.9,    25.9,  0.00144
1549567233,     WRITE,     68725,     217,     217,     217,     0.5,     0.5,     0.7,     2.3,     5.2,     5.2,  0.00143,      READ,     67689,     283,     283,     283,     0.7,     0.6,     0.9,     3.6,     7.6,     7.6,  0.00143
1549567234,     WRITE,     68930,     205,     205,     205,     0.5,     0.5,     0.7,     1.1,     5.0,     5.0,  0.00143,      READ,     67984,     295,     295,     295,     0.7,     0.6,     1.0,     2.8,     6.5,     6.5,  0.00143
1549567235,     WRITE,     69155,     225,     225,     225,     0.6,     0.5,     0.8,     3.7,     5.8,     5.8,  0.00142,      READ,     68259,     275,     275,     275,     0.7,     0.6,     1.0,     4.3,     6.0,     6.0,  0.00142
1549567236,     WRITE,     69398,     243,     243,     243,     0.6,     0.5,     0.7,     4.8,     6.6,     6.6,  0.00142,      READ,     68516,     257,     257,     257,     0.7,     0.6,     0.8,     1.8,     6.2,     6.2,  0.00142
1549567237,     WRITE,     69654,     256,     256,     256,     0.5,     0.5,     0.6,     0.8,     5.4,     5.4,  0.00141,      READ,     68760,     244,     244,     244,     0.6,     0.6,     0.8,     2.4,     5.2,     5.2,  0.00141
1549567238,     WRITE,     69920,     266,     266,     266,     0.6,     0.5,     0.7,     2.9,     7.1,     7.1,  0.00141,      READ,     68994,     234,     234,     234,     0.7,     0.6,     0.9,     4.9,     5.1,     5.1,  0.00141
1549567239,     WRITE,     70189,     269,     269,     269,     0.5,     0.5,     0.6,     0.8,     4.9,     4.9,  0.00140,      READ,     69225,     231,     231,     231,     0.6,     0.6,     0.8,     2.3,     4.8,     4.8,  0.00140
1549567240,     WRITE,     70419,     230,     230,     230,     0.5,     0.5,     0.7,     1.2,     2.3,     2.3,  0.00140,      READ,     69491,     266,     266,     266,     0.7,     0.6,     0.8,     1.3,     5.8,     5.8,  0.00140
1549567241,     WRITE,     70687,     268,     268,     268,     0.9,     0.5,     0.6,     1.5,    52.9,    52.9,  0.00141,      READ,     69727,     236,     236,     236,     1.2,     0.6,     0.8,     6.5,    59.3,    59.3,  0.00141
1549567242,     WRITE,     70915,     228,     228,     228,     0.5,     0.5,     0.7,     2.7,     4.5,     4.5,  0.00140,      READ,     69999,     272,     272,     272,     0.6,     0.6,     0.7,     1.0,     6.3,     6.3,  0.00140
1549567243,     WRITE,     71159,     244,     244,     244,     0.5,     0.4,     0.6,     3.0,     6.8,     6.8,  0.00140,      READ,     70255,     256,     256,     256,     0.6,     0.6,     0.8,     0.9,     1.4,     1.4,  0.00140
1549567244,     WRITE,     71416,     257,     257,     257,     0.5,     0.5,     0.8,     1.7,     5.7,     5.7,  0.00139,      READ,     70498,     243,     243,     243,     0.7,     0.6,     0.9,     4.9,     6.2,     6.2,  0.00139
1549567245,     WRITE,     71674,     258,     258,     258,     0.6,     0.5,     0.7,     3.9,     6.9,     6.9,  0.00139,      READ,     70740,     242,     242,     242,     0.6,     0.6,     0.8,     1.3,     3.7,     3.7,  0.00139
1549567246,     WRITE,     71935,     261,     261,     261,     0.5,     0.5,     0.7,     1.5,     4.6,     4.6,  0.00139,      READ,     70979,     239,     239,     239,     0.7,     0.6,     0.8,     3.7,     6.8,     6.8,  0.00139
1549567247,     WRITE,     72178,     243,     243,     243,     0.8,     0.5,     0.7,    13.3,    33.8,    33.8,  0.00138,      READ,     71235,     256,     256,     256,     0.8,     0.6,     0.8,     5.4,    18.0,    18.0,  0.00138
1549567248,     WRITE,     72408,     230,     230,     230,     1.2,     0.5,     1.5,    38.0,    51.9,    51.9,  0.00138,      READ,     71506,     271,     271,     271,     1.0,     0.6,     0.9,     6.0,    44.3,    44.3,  0.00138
1549567249,     WRITE,     72670,     262,     262,     262,     0.6,     0.5,     0.7,     4.0,     6.2,     6.2,  0.00138,      READ,     71744,     238,     238,     238,     0.6,     0.6,     0.8,     2.0,     4.0,     4.0,  0.00138
1549567250,     WRITE,     72933,     263,     263,     263,     0.6,     0.4,     0.6,     1.4,    29.6,    29.6,  0.00138,      READ,     71981,     237,     237,     237,     0.9,     0.6,     0.8,    13.0,    27.0,    27.0,  0.00138
1549567251,     WRITE,     73206,     273,     273,     273,     0.6,     0.5,     0.8,     4.3,     5.8,     5.8,  0.00137,      READ,     72208,     227,     227,     227,     0.7,     0.6,     1.0,     3.3,     6.7,     6.7,  0.00137
1549567252,     WRITE,     73487,     281,     281,     281,     0.7,     0.5,     0.8,     2.7,    32.4,    32.4,  0.00137,      READ,     72427,     219,     219,     219,     1.1,     0.6,     1.0,    26.5,    38.5,    38.5,  0.00137
1549567253,     WRITE,     73742,     255,     255,     255,     0.6,     0.5,     0.7,     3.5,     6.8,     6.8,  0.00136,      READ,     72672,     245,     245,     245,     0.6,     0.6,     0.9,     1.5,     3.4,     3.4,  0.00136
1549567254,     WRITE,     73986,     244,     244,     244,     0.5,     0.5,     0.6,     2.0,     4.4,     4.4,  0.00136,      READ,     72928,     256,     256,     256,     0.6,     0.6,     0.8,     1.8,     6.2,     6.2,  0.00136
1549567255,     WRITE,     74236,     250,     250,     250,     0.5,     0.5,     0.7,     2.0,     4.1,     4.1,  0.00136,      READ,     73178,     250,     250,     250,     0.7,     0.6,     0.9,     3.7,     5.9,     5.9,  0.00136
1549567256,     WRITE,     74501,     265,     265,     265,     0.5,     0.5,     0.7,     2.7,     6.5,     6.5,  0.00135,      READ,     73413,     235,     235,     235,     0.6,     0.6,     0.8,     1.2,     5.2,     5.2,  0.00135
1549567257,     WRITE,     74755,     254,     254,     254,     0.7,     0.5,     0.7,     4.0,    20.0,    20.0,  0.00136,      READ,     73659,     246,     246,     246,     1.0,     0.6,     0.9,     4.9,    60.4,    60.4,  0.00136
1549567258,     WRITE,     75013,     258,     258,     258,     0.5,     0.5,     0.6,     1.3,     6.0,     6.0,  0.00135,      READ,     73901,     242,     242,     242,     0.7,     0.6,     0.8,     5.2,     6.8,     6.8,  0.00135
1549567259,     WRITE,     75298,     285,     285,     285,     0.6,     0.5,     0.7,     3.0,     6.8,     6.8,  0.00135,      READ,     74116,     215,     215,     215,     0.7,     0.6,     0.9,     4.3,     5.3,     5.3,  0.00135
1549567260,     WRITE,     75558,     260,     260,     260,     0.6,     0.5,     0.7,     4.0,     8.6,     8.6,  0.00134,      READ,     74356,     240,     240,     240,     0.7,     0.6,     0.9,     3.1,     5.7,     5.7,  0.00134
1549567260,     WRITE,     75662,     279,     279,     279,     0.6,     0.5,     0.7,     2.4,     3.8,     3.8,  0.00134,      READ,     74439,     222,     222,     222,     0.7,     0.6,     0.9,     2.3,     2.4,     2.4,  0.00134


Results:
Op rate                   :      500 op/s  [READ: 248 op/s, WRITE: 252 op/s]
Partition rate            :      500 pk/s  [READ: 248 pk/s, WRITE: 252 pk/s]
Row rate                  :      500 row/s [READ: 248 row/s, WRITE: 252 row/s]
Latency mean              :    0.8 ms [READ: 0.8 ms, WRITE: 0.7 ms]
Latency median            :    0.5 ms [READ: 0.6 ms, WRITE: 0.5 ms]
Latency 95th percentile   :    0.8 ms [READ: 0.9 ms, WRITE: 0.7 ms]
Latency 99th percentile   :    4.4 ms [READ: 4.6 ms, WRITE: 4.3 ms]
Latency 99.9th percentile :   52.2 ms [READ: 57.7 ms, WRITE: 46.7 ms]
Latency max               :  192.8 ms [READ: 184.8 ms, WRITE: 192.8 ms]
Total partitions          :    150,101 [READ: 74,439, WRITE: 75,662]
Total errors              :          0 [READ: 0, WRITE: 0]
Total GC count            : 0
Total GC memory           : 0.000 KiB
Total GC time             :    0.0 seconds
Avg GC time               :    NaN ms
StdDev GC time            :    0.0 ms
Total operation time      : 00:05:00

END
